#
# There is insufficient memory for the Java Runtime Environment to continue.
# Native memory allocation (mmap) failed to map 65536 bytes for Failed to commit metaspace.
# Possible reasons:
#   The system is out of physical RAM or swap space
#   The process is running with CompressedOops enabled, and the Java Heap may be blocking the growth of the native heap
# Possible solutions:
#   Reduce memory load on the system
#   Increase physical memory or swap space
#   Check if swap backing store is full
#   Decrease Java heap size (-Xmx/-Xms)
#   Decrease number of Java threads
#   Decrease Java thread stack sizes (-Xss)
#   Set larger code cache with -XX:ReservedCodeCacheSize=
#   JVM is running with Unscaled Compressed Oops mode in which the Java heap is
#     placed in the first 4GB address space. The Java Heap base address is the
#     maximum limit for the native heap growth. Please use -XX:HeapBaseMinAddress
#     to set the Java Heap base and to place the Java Heap above 4GB virtual address.
# This output file may be truncated or incomplete.
#
#  Out of Memory Error (virtualSpaceNode.cpp:108), pid=9820, tid=14840
#
# JRE version: Java(TM) SE Runtime Environment (16.0.1+9) (build 16.0.1+9-24)
# Java VM: Java HotSpot(TM) 64-Bit Server VM (16.0.1+9-24, mixed mode, sharing, tiered, compressed oops, compressed class ptrs, g1 gc, windows-amd64)
# No core dump will be written. Minidumps are not enabled by default on client versions of Windows
#

---------------  S U M M A R Y ------------

Command Line: -Dfile.encoding=UTF-8 -XX:+ShowCodeDetailsInExceptionMessages kodlama.io.HRMS.HrmsApplication

Host: Intel(R) Core(TM) i5-5200U CPU @ 2.20GHz, 4 cores, 3G,  Windows 10 , 64 bit Build 19041 (10.0.19041.928)
Time: Sat May 29 23:22:22 2021 Türkiye Standart Saati elapsed time: 0.733953 seconds (0d 0h 0m 0s)

---------------  T H R E A D  ---------------

Current thread (0x000001be42677500):  JavaThread "main" [_thread_in_vm, id=14840, stack(0x0000009b62600000,0x0000009b62700000)]

Stack: [0x0000009b62600000,0x0000009b62700000]
Native frames: (J=compiled Java code, j=interpreted, Vv=VM code, C=native code)
V  [jvm.dll+0x6687ca]
V  [jvm.dll+0x7ca3c9]
V  [jvm.dll+0x7cbb53]
V  [jvm.dll+0x7cc1b3]
V  [jvm.dll+0x242ea5]
V  [jvm.dll+0x7c6a4b]
V  [jvm.dll+0x60e436]
V  [jvm.dll+0x60e49a]
V  [jvm.dll+0x610aca]
V  [jvm.dll+0x60ed31]
V  [jvm.dll+0x24090c]
V  [jvm.dll+0x6bf62d]
V  [jvm.dll+0x6c004f]
V  [jvm.dll+0x367673]
V  [jvm.dll+0x3668a2]
V  [jvm.dll+0x366848]
V  [jvm.dll+0x375bad]
C  0x000001be4b63c3fb

Java frames: (J=compiled Java code, j=interpreted, Vv=VM code)
j  sun.security.x509.RDN.<init>(Lsun/security/util/DerValue;)V+66 java.base@16.0.1
j  sun.security.x509.X500Name.parseDER(Lsun/security/util/DerInputStream;)V+106 java.base@16.0.1
j  sun.security.x509.X500Name.<init>(Lsun/security/util/DerInputStream;)V+6 java.base@16.0.1
j  sun.security.x509.X509CertInfo.parse(Lsun/security/util/DerValue;)V+93 java.base@16.0.1
j  sun.security.x509.X509CertInfo.<init>(Lsun/security/util/DerValue;)V+67 java.base@16.0.1
j  sun.security.x509.X509CertImpl.parse(Lsun/security/util/DerValue;)V+228 java.base@16.0.1
j  sun.security.x509.X509CertImpl.<init>([B)V+50 java.base@16.0.1
j  sun.security.provider.X509Factory.engineGenerateCertificate(Ljava/io/InputStream;)Ljava/security/cert/Certificate;+54 java.base@16.0.1
j  java.security.cert.CertificateFactory.generateCertificate(Ljava/io/InputStream;)Ljava/security/cert/Certificate;+5 java.base@16.0.1
j  sun.security.pkcs.PKCS7.parseSignedData(Lsun/security/util/DerValue;)V+264 java.base@16.0.1
j  sun.security.pkcs.PKCS7.parse(Lsun/security/util/DerInputStream;Z)V+40 java.base@16.0.1
j  sun.security.pkcs.PKCS7.parse(Lsun/security/util/DerInputStream;)V+11 java.base@16.0.1
j  sun.security.pkcs.PKCS7.<init>([B)V+50 java.base@16.0.1
j  sun.security.util.SignatureFileVerifier.<init>(Ljava/util/ArrayList;Lsun/security/util/ManifestDigester;Ljava/lang/String;[B)V+40 java.base@16.0.1
j  java.util.jar.JarVerifier.processEntry(Lsun/security/util/ManifestEntryVerifier;)V+311 java.base@16.0.1
j  java.util.jar.JarVerifier.update(I[BIILsun/security/util/ManifestEntryVerifier;)V+39 java.base@16.0.1
j  java.util.jar.JarFile.initializeVerifier()V+157 java.base@16.0.1
j  java.util.jar.JarFile.ensureInitialization()V+41 java.base@16.0.1
j  java.util.jar.JavaUtilJarAccessImpl.ensureInitialization(Ljava/util/jar/JarFile;)V+1 java.base@16.0.1
j  jdk.internal.loader.URLClassPath$JarLoader$2.getManifest()Ljava/util/jar/Manifest;+10 java.base@16.0.1
j  jdk.internal.loader.BuiltinClassLoader.defineClass(Ljava/lang/String;Ljdk/internal/loader/Resource;)Ljava/lang/Class;+29 java.base@16.0.1
j  jdk.internal.loader.BuiltinClassLoader.findClassOnClassPathOrNull(Ljava/lang/String;)Ljava/lang/Class;+37 java.base@16.0.1
j  jdk.internal.loader.BuiltinClassLoader.loadClassOrNull(Ljava/lang/String;Z)Ljava/lang/Class;+111 java.base@16.0.1
j  jdk.internal.loader.BuiltinClassLoader.loadClass(Ljava/lang/String;Z)Ljava/lang/Class;+3 java.base@16.0.1
j  jdk.internal.loader.ClassLoaders$AppClassLoader.loadClass(Ljava/lang/String;Z)Ljava/lang/Class;+36 java.base@16.0.1
j  java.lang.ClassLoader.loadClass(Ljava/lang/String;)Ljava/lang/Class;+3 java.base@16.0.1
v  ~StubRoutines::call_stub
j  org.springframework.boot.SpringApplication.<clinit>()V+2
v  ~StubRoutines::call_stub
j  kodlama.io.HRMS.HrmsApplication.main([Ljava/lang/String;)V+3
v  ~StubRoutines::call_stub

---------------  P R O C E S S  ---------------

Threads class SMR info:
_java_thread_list=0x000001be60132db0, length=12, elements={
0x000001be42677500, 0x000001be42735d60, 0x000001be42736b30, 0x000001be4274d4c0,
0x000001be4274ddd0, 0x000001be4274e6e0, 0x000001be5f7103b0, 0x000001be5f710d70,
0x000001be5f784bc0, 0x000001be5f787130, 0x000001be60153c90, 0x000001be60157660
}

Java Threads: ( => current thread )
=>0x000001be42677500 JavaThread "main" [_thread_in_vm, id=14840, stack(0x0000009b62600000,0x0000009b62700000)]
  0x000001be42735d60 JavaThread "Reference Handler" daemon [_thread_blocked, id=7000, stack(0x0000009b62d00000,0x0000009b62e00000)]
  0x000001be42736b30 JavaThread "Finalizer" daemon [_thread_blocked, id=14660, stack(0x0000009b62e00000,0x0000009b62f00000)]
  0x000001be4274d4c0 JavaThread "Signal Dispatcher" daemon [_thread_blocked, id=9460, stack(0x0000009b62f00000,0x0000009b63000000)]
  0x000001be4274ddd0 JavaThread "Attach Listener" daemon [_thread_blocked, id=14512, stack(0x0000009b63000000,0x0000009b63100000)]
  0x000001be4274e6e0 JavaThread "Service Thread" daemon [_thread_blocked, id=7092, stack(0x0000009b63100000,0x0000009b63200000)]
  0x000001be5f7103b0 JavaThread "Monitor Deflation Thread" daemon [_thread_blocked, id=4640, stack(0x0000009b63200000,0x0000009b63300000)]
  0x000001be5f710d70 JavaThread "C2 CompilerThread0" daemon [_thread_blocked, id=1308, stack(0x0000009b63300000,0x0000009b63400000)]
  0x000001be5f784bc0 JavaThread "C1 CompilerThread0" daemon [_thread_blocked, id=3204, stack(0x0000009b63400000,0x0000009b63500000)]
  0x000001be5f787130 JavaThread "Sweeper thread" daemon [_thread_blocked, id=5996, stack(0x0000009b63500000,0x0000009b63600000)]
  0x000001be60153c90 JavaThread "Notification Thread" daemon [_thread_blocked, id=15104, stack(0x0000009b63600000,0x0000009b63700000)]
  0x000001be60157660 JavaThread "Common-Cleaner" daemon [_thread_blocked, id=15912, stack(0x0000009b63800000,0x0000009b63900000)]

Other Threads:
  0x000001be42732200 VMThread "VM Thread" [stack: 0x0000009b62c00000,0x0000009b62d00000] [id=11216]
  0x000001be601571d0 WatcherThread [stack: 0x0000009b63700000,0x0000009b63800000] [id=7652]
  0x000001be426a6430 GCTaskThread "GC Thread#0" [stack: 0x0000009b62700000,0x0000009b62800000] [id=14856]
  0x000001be426b1520 ConcurrentGCThread "G1 Main Marker" [stack: 0x0000009b62800000,0x0000009b62900000] [id=11988]
  0x000001be426b1ea0 ConcurrentGCThread "G1 Conc#0" [stack: 0x0000009b62900000,0x0000009b62a00000] [id=14440]
  0x000001be42701c60 ConcurrentGCThread "G1 Refine#0" [stack: 0x0000009b62a00000,0x0000009b62b00000] [id=5756]
  0x000001be427025f0 ConcurrentGCThread "G1 Service" [stack: 0x0000009b62b00000,0x0000009b62c00000] [id=32]

Threads with active compile tasks:

VM state: not at safepoint (normal execution)

VM Mutex/Monitor currently owned by a thread:  ([mutex/lock_event])
[0x000001be42673060] MetaspaceExpand_lock - owner thread: 0x000001be42677500

Heap address: 0x00000000c1400000, size: 1004 MB, Compressed Oops mode: 32-bit

CDS archive(s) mapped at: [0x0000000800000000-0x0000000800bb0000-0x0000000800bb0000), size 12255232, SharedBaseAddress: 0x0000000800000000, ArchiveRelocationMode: 0.
Compressed class space mapped at: 0x0000000800c00000-0x0000000840c00000, reserved size: 1073741824
Narrow klass base: 0x0000000800000000, Narrow klass shift: 3, Narrow klass range: 0x100000000

GC Precious Log:
 CPUs: 4 total, 4 available
 Memory: 4015M
 Large Page Support: Disabled
 NUMA Support: Disabled
 Compressed Oops: Enabled (32-bit)
 Heap Region Size: 1M
 Heap Min Capacity: 8M
 Heap Initial Capacity: 64M
 Heap Max Capacity: 1004M
 Pre-touch: Disabled
 Parallel Workers: 4
 Concurrent Workers: 1
 Concurrent Refinement Workers: 4
 Periodic GC: Disabled

Heap:
 garbage-first heap   total 65536K, used 6144K [0x00000000c1400000, 0x0000000100000000)
  region size 1024K, 7 young (7168K), 0 survivors (0K)
 Metaspace       used 1286K, committed 1408K, reserved 1056768K
  class space    used 92K, committed 192K, reserved 1048576K

Heap Regions: E=young(eden), S=young(survivor), O=old, HS=humongous(starts), HC=humongous(continues), CS=collection set, F=free, OA=open archive, CA=closed archive, TAMS=top-at-mark-start (previous, next)
|   0|0x00000000c1400000, 0x00000000c1500000, 0x00000000c1500000|100%|HS|  |TAMS 0x00000000c1400000, 0x00000000c1400000| Complete 
|   1|0x00000000c1500000, 0x00000000c1500000, 0x00000000c1600000|  0%| F|  |TAMS 0x00000000c1500000, 0x00000000c1500000| Untracked 
|   2|0x00000000c1600000, 0x00000000c1600000, 0x00000000c1700000|  0%| F|  |TAMS 0x00000000c1600000, 0x00000000c1600000| Untracked 
|   3|0x00000000c1700000, 0x00000000c1700000, 0x00000000c1800000|  0%| F|  |TAMS 0x00000000c1700000, 0x00000000c1700000| Untracked 
|   4|0x00000000c1800000, 0x00000000c1800000, 0x00000000c1900000|  0%| F|  |TAMS 0x00000000c1800000, 0x00000000c1800000| Untracked 
|   5|0x00000000c1900000, 0x00000000c1900000, 0x00000000c1a00000|  0%| F|  |TAMS 0x00000000c1900000, 0x00000000c1900000| Untracked 
|   6|0x00000000c1a00000, 0x00000000c1a00000, 0x00000000c1b00000|  0%| F|  |TAMS 0x00000000c1a00000, 0x00000000c1a00000| Untracked 
|   7|0x00000000c1b00000, 0x00000000c1b00000, 0x00000000c1c00000|  0%| F|  |TAMS 0x00000000c1b00000, 0x00000000c1b00000| Untracked 
|   8|0x00000000c1c00000, 0x00000000c1c00000, 0x00000000c1d00000|  0%| F|  |TAMS 0x00000000c1c00000, 0x00000000c1c00000| Untracked 
|   9|0x00000000c1d00000, 0x00000000c1d00000, 0x00000000c1e00000|  0%| F|  |TAMS 0x00000000c1d00000, 0x00000000c1d00000| Untracked 
|  10|0x00000000c1e00000, 0x00000000c1e00000, 0x00000000c1f00000|  0%| F|  |TAMS 0x00000000c1e00000, 0x00000000c1e00000| Untracked 
|  11|0x00000000c1f00000, 0x00000000c1f00000, 0x00000000c2000000|  0%| F|  |TAMS 0x00000000c1f00000, 0x00000000c1f00000| Untracked 
|  12|0x00000000c2000000, 0x00000000c2000000, 0x00000000c2100000|  0%| F|  |TAMS 0x00000000c2000000, 0x00000000c2000000| Untracked 
|  13|0x00000000c2100000, 0x00000000c2100000, 0x00000000c2200000|  0%| F|  |TAMS 0x00000000c2100000, 0x00000000c2100000| Untracked 
|  14|0x00000000c2200000, 0x00000000c2200000, 0x00000000c2300000|  0%| F|  |TAMS 0x00000000c2200000, 0x00000000c2200000| Untracked 
|  15|0x00000000c2300000, 0x00000000c2300000, 0x00000000c2400000|  0%| F|  |TAMS 0x00000000c2300000, 0x00000000c2300000| Untracked 
|  16|0x00000000c2400000, 0x00000000c2400000, 0x00000000c2500000|  0%| F|  |TAMS 0x00000000c2400000, 0x00000000c2400000| Untracked 
|  17|0x00000000c2500000, 0x00000000c2500000, 0x00000000c2600000|  0%| F|  |TAMS 0x00000000c2500000, 0x00000000c2500000| Untracked 
|  18|0x00000000c2600000, 0x00000000c2600000, 0x00000000c2700000|  0%| F|  |TAMS 0x00000000c2600000, 0x00000000c2600000| Untracked 
|  19|0x00000000c2700000, 0x00000000c2700000, 0x00000000c2800000|  0%| F|  |TAMS 0x00000000c2700000, 0x00000000c2700000| Untracked 
|  20|0x00000000c2800000, 0x00000000c2800000, 0x00000000c2900000|  0%| F|  |TAMS 0x00000000c2800000, 0x00000000c2800000| Untracked 
|  21|0x00000000c2900000, 0x00000000c2900000, 0x00000000c2a00000|  0%| F|  |TAMS 0x00000000c2900000, 0x00000000c2900000| Untracked 
|  22|0x00000000c2a00000, 0x00000000c2a00000, 0x00000000c2b00000|  0%| F|  |TAMS 0x00000000c2a00000, 0x00000000c2a00000| Untracked 
|  23|0x00000000c2b00000, 0x00000000c2b00000, 0x00000000c2c00000|  0%| F|  |TAMS 0x00000000c2b00000, 0x00000000c2b00000| Untracked 
|  24|0x00000000c2c00000, 0x00000000c2c00000, 0x00000000c2d00000|  0%| F|  |TAMS 0x00000000c2c00000, 0x00000000c2c00000| Untracked 
|  25|0x00000000c2d00000, 0x00000000c2d00000, 0x00000000c2e00000|  0%| F|  |TAMS 0x00000000c2d00000, 0x00000000c2d00000| Untracked 
|  26|0x00000000c2e00000, 0x00000000c2e00000, 0x00000000c2f00000|  0%| F|  |TAMS 0x00000000c2e00000, 0x00000000c2e00000| Untracked 
|  27|0x00000000c2f00000, 0x00000000c2f00000, 0x00000000c3000000|  0%| F|  |TAMS 0x00000000c2f00000, 0x00000000c2f00000| Untracked 
|  28|0x00000000c3000000, 0x00000000c3000000, 0x00000000c3100000|  0%| F|  |TAMS 0x00000000c3000000, 0x00000000c3000000| Untracked 
|  29|0x00000000c3100000, 0x00000000c3100000, 0x00000000c3200000|  0%| F|  |TAMS 0x00000000c3100000, 0x00000000c3100000| Untracked 
|  30|0x00000000c3200000, 0x00000000c3200000, 0x00000000c3300000|  0%| F|  |TAMS 0x00000000c3200000, 0x00000000c3200000| Untracked 
|  31|0x00000000c3300000, 0x00000000c3300000, 0x00000000c3400000|  0%| F|  |TAMS 0x00000000c3300000, 0x00000000c3300000| Untracked 
|  32|0x00000000c3400000, 0x00000000c3400000, 0x00000000c3500000|  0%| F|  |TAMS 0x00000000c3400000, 0x00000000c3400000| Untracked 
|  33|0x00000000c3500000, 0x00000000c3500000, 0x00000000c3600000|  0%| F|  |TAMS 0x00000000c3500000, 0x00000000c3500000| Untracked 
|  34|0x00000000c3600000, 0x00000000c3600000, 0x00000000c3700000|  0%| F|  |TAMS 0x00000000c3600000, 0x00000000c3600000| Untracked 
|  35|0x00000000c3700000, 0x00000000c3700000, 0x00000000c3800000|  0%| F|  |TAMS 0x00000000c3700000, 0x00000000c3700000| Untracked 
|  36|0x00000000c3800000, 0x00000000c3800000, 0x00000000c3900000|  0%| F|  |TAMS 0x00000000c3800000, 0x00000000c3800000| Untracked 
|  37|0x00000000c3900000, 0x00000000c3900000, 0x00000000c3a00000|  0%| F|  |TAMS 0x00000000c3900000, 0x00000000c3900000| Untracked 
|  38|0x00000000c3a00000, 0x00000000c3a00000, 0x00000000c3b00000|  0%| F|  |TAMS 0x00000000c3a00000, 0x00000000c3a00000| Untracked 
|  39|0x00000000c3b00000, 0x00000000c3b00000, 0x00000000c3c00000|  0%| F|  |TAMS 0x00000000c3b00000, 0x00000000c3b00000| Untracked 
|  40|0x00000000c3c00000, 0x00000000c3c00000, 0x00000000c3d00000|  0%| F|  |TAMS 0x00000000c3c00000, 0x00000000c3c00000| Untracked 
|  41|0x00000000c3d00000, 0x00000000c3d00000, 0x00000000c3e00000|  0%| F|  |TAMS 0x00000000c3d00000, 0x00000000c3d00000| Untracked 
|  42|0x00000000c3e00000, 0x00000000c3e00000, 0x00000000c3f00000|  0%| F|  |TAMS 0x00000000c3e00000, 0x00000000c3e00000| Untracked 
|  43|0x00000000c3f00000, 0x00000000c3f00000, 0x00000000c4000000|  0%| F|  |TAMS 0x00000000c3f00000, 0x00000000c3f00000| Untracked 
|  44|0x00000000c4000000, 0x00000000c4000000, 0x00000000c4100000|  0%| F|  |TAMS 0x00000000c4000000, 0x00000000c4000000| Untracked 
|  45|0x00000000c4100000, 0x00000000c4100000, 0x00000000c4200000|  0%| F|  |TAMS 0x00000000c4100000, 0x00000000c4100000| Untracked 
|  46|0x00000000c4200000, 0x00000000c4200000, 0x00000000c4300000|  0%| F|  |TAMS 0x00000000c4200000, 0x00000000c4200000| Untracked 
|  47|0x00000000c4300000, 0x00000000c4300000, 0x00000000c4400000|  0%| F|  |TAMS 0x00000000c4300000, 0x00000000c4300000| Untracked 
|  48|0x00000000c4400000, 0x00000000c4400000, 0x00000000c4500000|  0%| F|  |TAMS 0x00000000c4400000, 0x00000000c4400000| Untracked 
|  49|0x00000000c4500000, 0x00000000c4500000, 0x00000000c4600000|  0%| F|  |TAMS 0x00000000c4500000, 0x00000000c4500000| Untracked 
|  50|0x00000000c4600000, 0x00000000c4600000, 0x00000000c4700000|  0%| F|  |TAMS 0x00000000c4600000, 0x00000000c4600000| Untracked 
|  51|0x00000000c4700000, 0x00000000c4700000, 0x00000000c4800000|  0%| F|  |TAMS 0x00000000c4700000, 0x00000000c4700000| Untracked 
|  52|0x00000000c4800000, 0x00000000c4800000, 0x00000000c4900000|  0%| F|  |TAMS 0x00000000c4800000, 0x00000000c4800000| Untracked 
|  53|0x00000000c4900000, 0x00000000c4900000, 0x00000000c4a00000|  0%| F|  |TAMS 0x00000000c4900000, 0x00000000c4900000| Untracked 
|  54|0x00000000c4a00000, 0x00000000c4a00000, 0x00000000c4b00000|  0%| F|  |TAMS 0x00000000c4a00000, 0x00000000c4a00000| Untracked 
|  55|0x00000000c4b00000, 0x00000000c4b00000, 0x00000000c4c00000|  0%| F|  |TAMS 0x00000000c4b00000, 0x00000000c4b00000| Untracked 
|  56|0x00000000c4c00000, 0x00000000c4c00000, 0x00000000c4d00000|  0%| F|  |TAMS 0x00000000c4c00000, 0x00000000c4c00000| Untracked 
|  57|0x00000000c4d00000, 0x00000000c4e00000, 0x00000000c4e00000|100%| E|  |TAMS 0x00000000c4d00000, 0x00000000c4d00000| Complete 
|  58|0x00000000c4e00000, 0x00000000c4f00000, 0x00000000c4f00000|100%| E|CS|TAMS 0x00000000c4e00000, 0x00000000c4e00000| Complete 
|  59|0x00000000c4f00000, 0x00000000c5000000, 0x00000000c5000000|100%| E|  |TAMS 0x00000000c4f00000, 0x00000000c4f00000| Complete 
|  60|0x00000000c5000000, 0x00000000c5100000, 0x00000000c5100000|100%| E|CS|TAMS 0x00000000c5000000, 0x00000000c5000000| Complete 
|  61|0x00000000c5100000, 0x00000000c5200000, 0x00000000c5200000|100%| E|CS|TAMS 0x00000000c5100000, 0x00000000c5100000| Complete 
|  62|0x00000000c5200000, 0x00000000c5300000, 0x00000000c5300000|100%| E|CS|TAMS 0x00000000c5200000, 0x00000000c5200000| Complete 
|  63|0x00000000c5300000, 0x00000000c5400000, 0x00000000c5400000|100%| E|CS|TAMS 0x00000000c5300000, 0x00000000c5300000| Complete 

Card table byte_map: [0x000001be5ae50000,0x000001be5b050000] _byte_map_base: 0x000001be5a846000

Marking Bits (Prev, Next): (CMBitMap*) 0x000001be426a8dd0, (CMBitMap*) 0x000001be426a8e10
 Prev Bits: [0x000001be5b250000, 0x000001be5c200000)
 Next Bits: [0x000001be5c200000, 0x000001be5d1b0000)

Polling page: 0x000001be42460000

Metaspace:

Usage:
  Non-class:      1.17 MB used.
      Class:     92.30 KB used.
       Both:      1.26 MB used.

Virtual space:
  Non-class space:        8.00 MB reserved,       1.19 MB ( 15%) committed,  1 nodes.
      Class space:        1.00 GB reserved,     192.00 KB ( <1%) committed,  1 nodes.
              Both:        1.01 GB reserved,       1.38 MB ( <1%) committed. 

Chunk freelists:
   Non-Class:  3.89 MB
       Class:  3.72 MB
        Both:  7.61 MB

MaxMetaspaceSize: 17179869184.00 GB
CompressedClassSpaceSize: 1.00 GB
 - commit_granule_bytes: 65536.
 - commit_granule_words: 8192.
 - virtual_space_node_default_size: 1048576.
 - enlarge_chunks_in_place: 1.
 - new_chunks_are_fully_committed: 0.
 - uncommit_free_chunks: 1.
 - use_allocation_guard: 0.
 - handle_deallocations: 1.


Internal statistics:

num_allocs_failed_limit: 0.
num_arena_births: 6.
num_arena_deaths: 0.
num_vsnodes_births: 2.
num_vsnodes_deaths: 0.
num_space_committed: 22.
num_space_uncommitted: 0.
num_chunks_returned_to_freelist: 0.
num_chunks_taken_from_freelist: 18.
num_chunk_merges: 0.
num_chunk_splits: 9.
num_chunks_enlarged: 5.
num_purges: 0.

CodeHeap 'non-profiled nmethods': size=120000Kb used=96Kb max_used=96Kb free=119903Kb
 bounds [0x000001be530f0000, 0x000001be53360000, 0x000001be5a620000]
CodeHeap 'profiled nmethods': size=120000Kb used=471Kb max_used=471Kb free=119528Kb
 bounds [0x000001be4bbc0000, 0x000001be4be30000, 0x000001be530f0000]
CodeHeap 'non-nmethods': size=5760Kb used=1116Kb max_used=1127Kb free=4643Kb
 bounds [0x000001be4b620000, 0x000001be4b890000, 0x000001be4bbc0000]
 total_blobs=708 nmethods=318 adapters=303
 compilation: enabled
              stopped_count=0, restarted_count=0
 full_count=0

Compilation events (20 events):
Event: 0.707 Thread 0x000001be5f784bc0  303       3       java.util.Objects::nonNull (10 bytes)
Event: 0.707 Thread 0x000001be5f784bc0 nmethod 303 0x000001be4bc2f790 code [0x000001be4bc2f920, 0x000001be4bc2fa78]
Event: 0.714 Thread 0x000001be5f784bc0  310       3       java.lang.Character::digit (6 bytes)
Event: 0.714 Thread 0x000001be5f784bc0 nmethod 310 0x000001be4bc2fb10 code [0x000001be4bc2fcc0, 0x000001be4bc2ff18]
Event: 0.714 Thread 0x000001be5f784bc0  311       3       java.lang.Character::digit (10 bytes)
Event: 0.715 Thread 0x000001be5f784bc0 nmethod 311 0x000001be4bc30010 code [0x000001be4bc301c0, 0x000001be4bc303b8]
Event: 0.715 Thread 0x000001be5f784bc0  312       3       java.lang.CharacterDataLatin1::digit (32 bytes)
Event: 0.716 Thread 0x000001be5f784bc0 nmethod 312 0x000001be4bc30490 code [0x000001be4bc30640, 0x000001be4bc30898]
Event: 0.716 Thread 0x000001be5f784bc0  313       3       java.lang.Integer::parseInt (264 bytes)
Event: 0.719 Thread 0x000001be5f784bc0 nmethod 313 0x000001be4bc30990 code [0x000001be4bc30e20, 0x000001be4bc32bf8]
Event: 0.719 Thread 0x000001be5f784bc0  314       3       java.lang.Integer::parseInt (7 bytes)
Event: 0.719 Thread 0x000001be5f784bc0 nmethod 314 0x000001be4bc33810 code [0x000001be4bc339c0, 0x000001be4bc33ae8]
Event: 0.719 Thread 0x000001be5f784bc0  315       3       sun.security.util.ObjectIdentifier::checkOidSize (54 bytes)
Event: 0.720 Thread 0x000001be5f784bc0 nmethod 315 0x000001be4bc33b90 code [0x000001be4bc33e00, 0x000001be4bc345e8]
Event: 0.724 Thread 0x000001be5f784bc0  316       3       sun.security.util.ObjectIdentifier::pack7Oid (42 bytes)
Event: 0.724 Thread 0x000001be5f784bc0 nmethod 316 0x000001be4bc34910 code [0x000001be4bc34ac0, 0x000001be4bc34cc8]
Event: 0.724 Thread 0x000001be5f784bc0  318       3       sun.security.util.ObjectIdentifier::pack (219 bytes)
Event: 0.725 Thread 0x000001be5f784bc0 nmethod 318 0x000001be4bc34d90 code [0x000001be4bc34f80, 0x000001be4bc355e8]
Event: 0.725 Thread 0x000001be5f784bc0  317       3       sun.security.util.ObjectIdentifier::pack7Oid (84 bytes)
Event: 0.726 Thread 0x000001be5f784bc0 nmethod 317 0x000001be4bc35890 code [0x000001be4bc35a60, 0x000001be4bc35db8]

GC Heap History (0 events):
No events

Deoptimization events (8 events):
Event: 0.457 Thread 0x000001be42677500 Uncommon trap: trap_request=0xffffff45 fr.pc=0x000001be530f8914 relative=0x0000000000000174
Event: 0.457 Thread 0x000001be42677500 Uncommon trap: reason=unstable_if action=reinterpret pc=0x000001be530f8914 method=java.util.zip.ZipFile$Source.isMetaName([BII)Z @ 43 c2
Event: 0.457 Thread 0x000001be42677500 DEOPT PACKING pc=0x000001be530f8914 sp=0x0000009b626fd5c0
Event: 0.457 Thread 0x000001be42677500 DEOPT UNPACKING pc=0x000001be4b66d72e sp=0x0000009b626fd568 mode 2
Event: 0.460 Thread 0x000001be42677500 DEOPT PACKING pc=0x000001be4bbc9fe7 sp=0x0000009b626fd800
Event: 0.460 Thread 0x000001be42677500 DEOPT UNPACKING pc=0x000001be4b66dece sp=0x0000009b626fcc20 mode 0
Event: 0.476 Thread 0x000001be42677500 DEOPT PACKING pc=0x000001be4bbc7d51 sp=0x0000009b626fd320
Event: 0.476 Thread 0x000001be42677500 DEOPT UNPACKING pc=0x000001be4b66dece sp=0x0000009b626fc798 mode 0

Classes unloaded (0 events):
No events

Classes redefined (0 events):
No events

Internal exceptions (0 events):
No events

Events (20 events):
Event: 0.721 loading class sun/security/x509/CertificateVersion
Event: 0.721 loading class sun/security/x509/CertificateVersion done
Event: 0.721 loading class sun/security/x509/CertificateSerialNumber
Event: 0.721 loading class sun/security/x509/CertificateSerialNumber done
Event: 0.722 loading class sun/security/x509/SerialNumber
Event: 0.722 loading class sun/security/x509/SerialNumber done
Event: 0.722 loading class sun/security/x509/CertificateAlgorithmId
Event: 0.722 loading class sun/security/x509/CertificateAlgorithmId done
Event: 0.722 loading class sun/security/x509/X500Name
Event: 0.723 loading class sun/security/x509/GeneralNameInterface
Event: 0.723 loading class sun/security/x509/GeneralNameInterface done
Event: 0.723 loading class sun/security/x509/X500Name done
Event: 0.725 loading class sun/security/x509/X500Name$1
Event: 0.726 loading class sun/security/x509/X500Name$1 done
Event: 0.726 loading class javax/security/auth/x500/X500Principal
Event: 0.726 loading class javax/security/auth/x500/X500Principal done
Event: 0.726 loading class sun/security/x509/RDN
Event: 0.727 loading class sun/security/x509/RDN done
Event: 0.727 loading class sun/security/x509/AVA
Event: 0.727 loading class sun/security/x509/AVA done


Dynamic libraries:
0x00007ff766460000 - 0x00007ff766470000 	C:\Program Files\Java\jdk-16.0.1\bin\javaw.exe
0x00007ffdbc530000 - 0x00007ffdbc725000 	C:\WINDOWS\SYSTEM32\ntdll.dll
0x00007ffdbc100000 - 0x00007ffdbc1bd000 	C:\WINDOWS\System32\KERNEL32.DLL
0x00007ffdba1c0000 - 0x00007ffdba488000 	C:\WINDOWS\System32\KERNELBASE.dll
0x00007ffdba490000 - 0x00007ffdba590000 	C:\WINDOWS\System32\ucrtbase.dll
0x00007ffdb1e70000 - 0x00007ffdb1e88000 	C:\Program Files\Java\jdk-16.0.1\bin\jli.dll
0x00007ffdba590000 - 0x00007ffdba63c000 	C:\WINDOWS\System32\ADVAPI32.dll
0x00007ffdbaf50000 - 0x00007ffdbafee000 	C:\WINDOWS\System32\msvcrt.dll
0x00007ffdbb270000 - 0x00007ffdbb30b000 	C:\WINDOWS\System32\sechost.dll
0x00007ffdba6d0000 - 0x00007ffdba7fb000 	C:\WINDOWS\System32\RPCRT4.dll
0x00007ffdacf10000 - 0x00007ffdacf29000 	C:\Program Files\Java\jdk-16.0.1\bin\VCRUNTIME140.dll
0x00007ffdbac20000 - 0x00007ffdbadc0000 	C:\WINDOWS\System32\USER32.dll
0x00007ffdba190000 - 0x00007ffdba1b2000 	C:\WINDOWS\System32\win32u.dll
0x00007ffdaa3a0000 - 0x00007ffdaa63a000 	C:\WINDOWS\WinSxS\amd64_microsoft.windows.common-controls_6595b64144ccf1df_6.0.19041.844_none_ca00b6081b84eb1d\COMCTL32.dll
0x00007ffdbbf80000 - 0x00007ffdbbfaa000 	C:\WINDOWS\System32\GDI32.dll
0x00007ffdb9f20000 - 0x00007ffdba02b000 	C:\WINDOWS\System32\gdi32full.dll
0x00007ffdb9c70000 - 0x00007ffdb9d0d000 	C:\WINDOWS\System32\msvcp_win.dll
0x00007ffdab810000 - 0x00007ffdab81a000 	C:\WINDOWS\SYSTEM32\VERSION.dll
0x00007ffdbb010000 - 0x00007ffdbb040000 	C:\WINDOWS\System32\IMM32.DLL
0x00007ffdad300000 - 0x00007ffdad30c000 	C:\Program Files\Java\jdk-16.0.1\bin\vcruntime140_1.dll
0x00007ffd8cd50000 - 0x00007ffd8cde1000 	C:\Program Files\Java\jdk-16.0.1\bin\msvcp140.dll
0x00007ffd5c160000 - 0x00007ffd5cd0b000 	C:\Program Files\Java\jdk-16.0.1\bin\server\jvm.dll
0x00007ffdba8b0000 - 0x00007ffdba8b8000 	C:\WINDOWS\System32\PSAPI.DLL
0x00007ffd924d0000 - 0x00007ffd924d9000 	C:\WINDOWS\SYSTEM32\WSOCK32.dll
0x00007ffdbc090000 - 0x00007ffdbc0fb000 	C:\WINDOWS\System32\WS2_32.dll
0x00007ffda8e00000 - 0x00007ffda8e27000 	C:\WINDOWS\SYSTEM32\WINMM.dll
0x00007ffdb7bc0000 - 0x00007ffdb7bd2000 	C:\WINDOWS\SYSTEM32\kernel.appcore.dll
0x00007ffdb5c20000 - 0x00007ffdb5c2a000 	C:\Program Files\Java\jdk-16.0.1\bin\jimage.dll
0x00007ffd96200000 - 0x00007ffd963e4000 	C:\WINDOWS\SYSTEM32\DBGHELP.DLL
0x00007ffd961d0000 - 0x00007ffd961fc000 	C:\WINDOWS\SYSTEM32\dbgcore.DLL
0x00007ffdba110000 - 0x00007ffdba190000 	C:\WINDOWS\System32\bcryptPrimitives.dll
0x00007ffdb2040000 - 0x00007ffdb2065000 	C:\Program Files\Java\jdk-16.0.1\bin\java.dll
0x00007ffdbb780000 - 0x00007ffdbbec2000 	C:\WINDOWS\System32\SHELL32.dll
0x00007ffdb7dc0000 - 0x00007ffdb8550000 	C:\WINDOWS\SYSTEM32\windows.storage.dll
0x00007ffdba8c0000 - 0x00007ffdbac15000 	C:\WINDOWS\System32\combase.dll
0x00007ffdb96e0000 - 0x00007ffdb970c000 	C:\WINDOWS\SYSTEM32\Wldp.dll
0x00007ffdba800000 - 0x00007ffdba8ae000 	C:\WINDOWS\System32\SHCORE.dll
0x00007ffdbb040000 - 0x00007ffdbb095000 	C:\WINDOWS\System32\shlwapi.dll
0x00007ffdb9bb0000 - 0x00007ffdb9bcf000 	C:\WINDOWS\SYSTEM32\profapi.dll
0x00007ffdad5f0000 - 0x00007ffdad609000 	C:\Program Files\Java\jdk-16.0.1\bin\net.dll
0x00007ffdabbe0000 - 0x00007ffdabceb000 	C:\WINDOWS\SYSTEM32\WINHTTP.dll
0x00007ffdb9450000 - 0x00007ffdb94ba000 	C:\WINDOWS\system32\mswsock.dll
0x00007ffdad5d0000 - 0x00007ffdad5e3000 	C:\Program Files\Java\jdk-16.0.1\bin\nio.dll
0x00007ffdad610000 - 0x00007ffdad628000 	C:\Program Files\Java\jdk-16.0.1\bin\zip.dll

dbghelp: loaded successfully - version: 4.0.5 - missing functions: none
symbol engine: initialized successfully - sym options: 0x614 - pdb path: .;C:\Program Files\Java\jdk-16.0.1\bin;C:\WINDOWS\SYSTEM32;C:\WINDOWS\WinSxS\amd64_microsoft.windows.common-controls_6595b64144ccf1df_6.0.19041.844_none_ca00b6081b84eb1d;C:\Program Files\Java\jdk-16.0.1\bin\server

VM Arguments:
jvm_args: -Dfile.encoding=UTF-8 -XX:+ShowCodeDetailsInExceptionMessages 
java_command: kodlama.io.HRMS.HrmsApplication
java_class_path (initial): C:\hrmsDemo\HRMS\target\classes;C:\Users\Acer\.p2\pool\plugins\org.apache.axis_1.4.0.v201411182030\lib\axis.jar;C:\Users\Acer\.p2\pool\plugins\org.apache.commons.discovery_0.2.0.v201004190315\lib\commons-discovery-0.2.jar;C:\Users\Acer\.p2\pool\plugins\javax.xml.rpc_1.1.0.v201209140446\lib\jaxrpc.jar;C:\Users\Acer\.p2\pool\plugins\javax.xml.soap_1.2.0.v201005080501\lib\saaj.jar;C:\Users\Acer\.p2\pool\plugins\javax.wsdl_1.6.2.v201012040545.jar;C:\Users\Acer\.p2\pool\plugins\org.apache.commons.logging_1.2.0.v20180409-1502.jar;C:\Users\Acer\.m2\repository\org\springframework\boot\spring-boot-starter-data-jpa\2.5.0\spring-boot-starter-data-jpa-2.5.0.jar;C:\Users\Acer\.m2\repository\org\springframework\boot\spring-boot-starter-aop\2.5.0\spring-boot-starter-aop-2.5.0.jar;C:\Users\Acer\.m2\repository\org\springframework\spring-aop\5.3.7\spring-aop-5.3.7.jar;C:\Users\Acer\.m2\repository\org\aspectj\aspectjweaver\1.9.6\aspectjweaver-1.9.6.jar;C:\Users\Acer\.m2\repository\org\springframework\boot\spring-boot-starter-jdbc\2.5.0\spring-boot-starter-jdbc-2.5.0.jar;C:\Users\Acer\.m2\repository\com\zaxxer\HikariCP\4.0.3\HikariCP-4.0.3.jar;C:\Users\Acer\.m2\repository\org\springframework\spring-jdbc\5.3.7\spring-jdbc-5.3.7.jar;C:\Users\Acer\.m2\repository\jakarta\transaction\jakarta.transaction-api\1.3.3\jakarta.transaction-api-1.3.3.jar;C:\Users\Acer\.m2\repository\jakarta\persistence\jakarta.persistence-api\2.2.3\jakarta.persistence-api-2.2.3.jar;C:\Users\Acer\.m2\repository\org\hibernate\hibernate-core\5.4.31.Final\hibernate-core-5.4.31.Final.jar;C:\Users\Acer\.m2\repository\org\javassist\javassist\3.27.0-GA\javassist-3.27.0-GA.jar;C:\Users\Acer\.m2\repository\net\bytebuddy\byte-buddy\1.10.22\byte-buddy-1.10.22.jar;C:\Users\Acer\.m2\repository\antlr\antlr\2.7.7\antlr-2.7.7.jar;C:\Users\Acer\.m2\repository\org\jboss\jandex\2.2.3.Final\jandex-2.2.3.Final.jar;C:\Users\Acer\.m2\repository\org\dom4j\dom4j\2.1.3\dom4j-2.1.3.jar;C:\Users\Acer\.m2\repository
Launcher Type: SUN_STANDARD

[Global flags]
     intx CICompilerCount                          = 3                                         {product} {ergonomic}
     uint ConcGCThreads                            = 1                                         {product} {ergonomic}
     uint G1ConcRefinementThreads                  = 4                                         {product} {ergonomic}
   size_t G1HeapRegionSize                         = 1048576                                   {product} {ergonomic}
    uintx GCDrainStackTargetSize                   = 64                                        {product} {ergonomic}
   size_t InitialHeapSize                          = 67108864                                  {product} {ergonomic}
   size_t MarkStackSize                            = 4194304                                   {product} {ergonomic}
   size_t MaxHeapSize                              = 1052770304                                {product} {ergonomic}
   size_t MaxNewSize                               = 631242752                                 {product} {ergonomic}
   size_t MinHeapDeltaBytes                        = 1048576                                   {product} {ergonomic}
   size_t MinHeapSize                              = 8388608                                   {product} {ergonomic}
    uintx NonNMethodCodeHeapSize                   = 5832780                                {pd product} {ergonomic}
    uintx NonProfiledCodeHeapSize                  = 122912730                              {pd product} {ergonomic}
    uintx ProfiledCodeHeapSize                     = 122912730                              {pd product} {ergonomic}
    uintx ReservedCodeCacheSize                    = 251658240                              {pd product} {ergonomic}
     bool SegmentedCodeCache                       = true                                      {product} {ergonomic}
     bool ShowCodeDetailsInExceptionMessages       = true                                   {manageable} {command line}
   size_t SoftMaxHeapSize                          = 1052770304                             {manageable} {ergonomic}
     bool UseCompressedClassPointers               = true                           {product lp64_product} {ergonomic}
     bool UseCompressedOops                        = true                           {product lp64_product} {ergonomic}
     bool UseG1GC                                  = true                                      {product} {ergonomic}
     bool UseLargePagesIndividualAllocation        = false                                  {pd product} {ergonomic}

Logging:
Log output configuration:
 #0: stdout all=warning uptime,level,tags
 #1: stderr all=off uptime,level,tags

Environment Variables:
PATH=C:/Program Files/Java/jdk-16.0.1/bin/server;C:/Program Files/Java/jdk-16.0.1/bin;C:\Program Files\Common Files\Oracle\Java\javapath;C:\Program Files (x86)\Common Files\Oracle\Java\javapath;C:\Windows\system32;C:\Windows;C:\Windows\System32\Wbem;C:\Windows\System32\WindowsPowerShell\v1.0\;C:\Windows\System32\OpenSSH\;C:\Program Files (x86)\NVIDIA Corporation\PhysX\Common;C:\WINDOWS\system32;C:\WINDOWS;C:\WINDOWS\System32\Wbem;C:\WINDOWS\System32\WindowsPowerShell\v1.0\;C:\WINDOWS\System32\OpenSSH\;C:\Program Files\nodejs\;C:\Program Files\Microsoft SQL Server\130\Tools\Binn\;C:\Program Files\Git\cmd;C:\Program Files\dotnet\;C:\Program Files\Microsoft SQL Server\Client SDK\ODBC\170\Tools\Binn\;C:\Program Files (x86)\Microsoft SQL Server\150\Tools\Binn\;C:\Program Files\Microsoft SQL Server\150\Tools\Binn\;C:\Program Files\Microsoft SQL Server\150\DTS\Binn\;C:\Program Files (x86)\Microsoft SQL Server\150\DTS\Binn\;C:\Program Files\Azure Data Studio\bin;C:\Program Files (x86)\dotnet\;C:\Users\Acer\AppData\Local\Microsoft\WindowsApps;C:\Users\Acer\AppData\Roaming\npm;C:\Users\Acer\AppData\Local\Programs\Microsoft VS Code\bin;C:\Users\Acer\.dotnet\tools;C:\Program Files\Azure Data Studio\bin;C:\Users\Acer\AppData\Local\GitHubDesktop\bin;C:\WINDOWS\System32;
USERNAME=Acer
OS=Windows_NT
PROCESSOR_IDENTIFIER=Intel64 Family 6 Model 61 Stepping 4, GenuineIntel



---------------  S Y S T E M  ---------------

OS:
 Windows 10 , 64 bit Build 19041 (10.0.19041.928)
OS uptime: 4 days 10:49 hours

CPU: total 4 (initial active 4) (2 cores per cpu, 2 threads per core) family 6 model 61 stepping 4 microcode 0x2f, cx8, cmov, fxsr, ht, mmx, 3dnowpref, sse, sse2, sse3, ssse3, sse4.1, sse4.2, popcnt, lzcnt, tsc, tscinvbit, avx, avx2, aes, erms, clmul, bmi1, bmi2, adx, fma, vzeroupper, clflush

Memory: 4k page, system-wide physical 4015M (273M free)
TotalPageFile size 16303M (AvailPageFile size 2M)
current process WorkingSet (physical memory assigned to process): 41M, peak: 41M
current process commit charge ("private bytes"): 139M, peak: 139M

vm_info: Java HotSpot(TM) 64-Bit Server VM (16.0.1+9-24) for windows-amd64 JRE (16.0.1+9-24), built on Mar 26 2021 19:31:42 by "mach5one" with MS VC++ 16.7 (VS2019)

END.
