#
# There is insufficient memory for the Java Runtime Environment to continue.
# Native memory allocation (mmap) failed to map 65536 bytes for Failed to commit metaspace.
# Possible reasons:
#   The system is out of physical RAM or swap space
#   The process is running with CompressedOops enabled, and the Java Heap may be blocking the growth of the native heap
# Possible solutions:
#   Reduce memory load on the system
#   Increase physical memory or swap space
#   Check if swap backing store is full
#   Decrease Java heap size (-Xmx/-Xms)
#   Decrease number of Java threads
#   Decrease Java thread stack sizes (-Xss)
#   Set larger code cache with -XX:ReservedCodeCacheSize=
#   JVM is running with Unscaled Compressed Oops mode in which the Java heap is
#     placed in the first 4GB address space. The Java Heap base address is the
#     maximum limit for the native heap growth. Please use -XX:HeapBaseMinAddress
#     to set the Java Heap base and to place the Java Heap above 4GB virtual address.
# This output file may be truncated or incomplete.
#
#  Out of Memory Error (virtualSpaceNode.cpp:108), pid=16220, tid=13436
#
# JRE version: Java(TM) SE Runtime Environment (16.0.1+9) (build 16.0.1+9-24)
# Java VM: Java HotSpot(TM) 64-Bit Server VM (16.0.1+9-24, mixed mode, sharing, tiered, compressed oops, compressed class ptrs, g1 gc, windows-amd64)
# No core dump will be written. Minidumps are not enabled by default on client versions of Windows
#

---------------  S U M M A R Y ------------

Command Line: -Dfile.encoding=UTF-8 -XX:+ShowCodeDetailsInExceptionMessages kodlama.io.HRMS.HrmsApplication

Host: Intel(R) Core(TM) i5-5200U CPU @ 2.20GHz, 4 cores, 3G,  Windows 10 , 64 bit Build 19041 (10.0.19041.928)
Time: Sat May 29 23:22:57 2021 Türkiye Standart Saati elapsed time: 3.367293 seconds (0d 0h 0m 3s)

---------------  T H R E A D  ---------------

Current thread (0x000001819e60bea0):  JavaThread "restartedMain" [_thread_in_vm, id=13436, stack(0x00000015c1600000,0x00000015c1700000)]

Stack: [0x00000015c1600000,0x00000015c1700000]
Native frames: (J=compiled Java code, j=interpreted, Vv=VM code, C=native code)
V  [jvm.dll+0x6687ca]
V  [jvm.dll+0x7ca3c9]
V  [jvm.dll+0x7cbb53]
V  [jvm.dll+0x7cc1b3]
V  [jvm.dll+0x242ea5]
V  [jvm.dll+0x7c6a4b]
V  [jvm.dll+0x60e436]
V  [jvm.dll+0x60e49a]
V  [jvm.dll+0x610aca]
V  [jvm.dll+0x60ed31]
V  [jvm.dll+0x2372ef]
V  [jvm.dll+0x6193b5]
V  [jvm.dll+0x1e9a52]
V  [jvm.dll+0x1e9f85]
V  [jvm.dll+0x1eab0f]
V  [jvm.dll+0x1df8a1]
V  [jvm.dll+0x536728]
V  [jvm.dll+0x1f0fa2]
V  [jvm.dll+0x741e03]
V  [jvm.dll+0x7436a8]
V  [jvm.dll+0x7439d3]
V  [jvm.dll+0x23ad74]
V  [jvm.dll+0x23b012]
V  [jvm.dll+0x552398]
V  [jvm.dll+0x5551e0]
V  [jvm.dll+0x379fde]
V  [jvm.dll+0x37961f]
C  0x0000018189c6b142

Java frames: (J=compiled Java code, j=interpreted, Vv=VM code)
j  java.nio.file.spi.FileSystemProvider.newInputStream(Ljava/nio/file/Path;[Ljava/nio/file/OpenOption;)Ljava/io/InputStream;+103 java.base@16.0.1
j  java.nio.file.Files.newInputStream(Ljava/nio/file/Path;[Ljava/nio/file/OpenOption;)Ljava/io/InputStream;+6 java.base@16.0.1
j  java.nio.file.Files.newBufferedReader(Ljava/nio/file/Path;Ljava/nio/charset/Charset;)Ljava/io/BufferedReader;+14 java.base@16.0.1
j  java.nio.file.Files.newBufferedReader(Ljava/nio/file/Path;)Ljava/io/BufferedReader;+4 java.base@16.0.1
j  sun.security.provider.PolicyFile.initDefaultPolicy(Lsun/security/provider/PolicyFile$PolicyInfo;)V+58 java.base@16.0.1
j  sun.security.provider.PolicyFile$2.run()Ljava/lang/Void;+8 java.base@16.0.1
j  sun.security.provider.PolicyFile$2.run()Ljava/lang/Object;+1 java.base@16.0.1
J 969 c1 java.security.AccessController.doPrivileged(Ljava/security/PrivilegedAction;)Ljava/lang/Object; java.base@16.0.1 (9 bytes) @ 0x000001818a3ac14c [0x000001818a3abfe0+0x000000000000016c]
j  sun.security.provider.PolicyFile.initPolicyFile(Lsun/security/provider/PolicyFile$PolicyInfo;Ljava/net/URL;)V+9 java.base@16.0.1
j  sun.security.provider.PolicyFile.init(Ljava/net/URL;)V+50 java.base@16.0.1
j  sun.security.provider.PolicyFile.<init>()V+24 java.base@16.0.1
j  java.security.Policy.loadPolicyProvider()Ljava/security/Policy;+38 java.base@16.0.1
j  java.security.Policy.getPolicyNoCheck()Ljava/security/Policy;+34 java.base@16.0.1
j  java.security.ProtectionDomain.implies(Ljava/security/Permission;)Z+16 java.base@16.0.1
j  java.security.ProtectionDomain.impliesWithAltFilePerm(Ljava/security/Permission;)Z+23 java.base@16.0.1
j  java.security.AccessControlContext.checkPermission(Ljava/security/Permission;)V+323 java.base@16.0.1
j  java.security.AccessController.checkPermission(Ljava/security/Permission;)V+161 java.base@16.0.1
j  ch.qos.logback.core.util.Loader$1.run()Ljava/lang/Boolean;+9
j  ch.qos.logback.core.util.Loader$1.run()Ljava/lang/Object;+1
J 961 c1 java.security.AccessController.executePrivileged(Ljava/security/PrivilegedAction;Ljava/security/AccessControlContext;Ljava/lang/Class;)Ljava/lang/Object; java.base@16.0.1 (65 bytes) @ 0x000001818a3a4f44 [0x000001818a3a4de0+0x0000000000000164]
j  java.security.AccessController.doPrivileged(Ljava/security/PrivilegedAction;)Ljava/lang/Object;+5 java.base@16.0.1
j  ch.qos.logback.core.util.Loader.<clinit>()V+34
v  ~StubRoutines::call_stub
j  ch.qos.logback.classic.util.ContextInitializer.findURLOfDefaultConfigurationFile(Z)Ljava/net/URL;+1
j  ch.qos.logback.classic.util.ContextInitializer.autoConfig()V+9
j  org.slf4j.impl.StaticLoggerBinder.init()V+11
j  org.slf4j.impl.StaticLoggerBinder.<clinit>()V+28
v  ~StubRoutines::call_stub
j  org.springframework.boot.logging.logback.LogbackLoggingSystem.getLoggerContext()Lch/qos/logback/classic/LoggerContext;+0
j  org.springframework.boot.logging.logback.LogbackLoggingSystem.beforeInitialize()V+1
j  org.springframework.boot.context.logging.LoggingApplicationListener.onApplicationStartingEvent(Lorg/springframework/boot/context/event/ApplicationStartingEvent;)V+18
j  org.springframework.boot.context.logging.LoggingApplicationListener.onApplicationEvent(Lorg/springframework/context/ApplicationEvent;)V+12
j  org.springframework.context.event.SimpleApplicationEventMulticaster.doInvokeListener(Lorg/springframework/context/ApplicationListener;Lorg/springframework/context/ApplicationEvent;)V+2
j  org.springframework.context.event.SimpleApplicationEventMulticaster.invokeListener(Lorg/springframework/context/ApplicationListener;Lorg/springframework/context/ApplicationEvent;)V+34
j  org.springframework.context.event.SimpleApplicationEventMulticaster.multicastEvent(Lorg/springframework/context/ApplicationEvent;Lorg/springframework/core/ResolvableType;)V+83
j  org.springframework.context.event.SimpleApplicationEventMulticaster.multicastEvent(Lorg/springframework/context/ApplicationEvent;)V+7
j  org.springframework.boot.context.event.EventPublishingRunListener.starting(Lorg/springframework/boot/ConfigurableBootstrapContext;)V+20
j  org.springframework.boot.SpringApplicationRunListeners.lambda$starting$0(Lorg/springframework/boot/ConfigurableBootstrapContext;Lorg/springframework/boot/SpringApplicationRunListener;)V+2
j  org.springframework.boot.SpringApplicationRunListeners$$Lambda$49+0x0000000800c8a460.accept(Ljava/lang/Object;)V+8
j  java.util.ArrayList.forEach(Ljava/util/function/Consumer;)V+46 java.base@16.0.1
j  org.springframework.boot.SpringApplicationRunListeners.doWithListeners(Ljava/lang/String;Ljava/util/function/Consumer;Ljava/util/function/Consumer;)V+17
j  org.springframework.boot.SpringApplicationRunListeners.starting(Lorg/springframework/boot/ConfigurableBootstrapContext;Ljava/lang/Class;)V+15
j  org.springframework.boot.SpringApplication.run([Ljava/lang/String;)Lorg/springframework/context/ConfigurableApplicationContext;+38
j  org.springframework.boot.SpringApplication.run([Ljava/lang/Class;[Ljava/lang/String;)Lorg/springframework/context/ConfigurableApplicationContext;+9
j  org.springframework.boot.SpringApplication.run(Ljava/lang/Class;[Ljava/lang/String;)Lorg/springframework/context/ConfigurableApplicationContext;+9
j  kodlama.io.HRMS.HrmsApplication.main([Ljava/lang/String;)V+3
v  ~StubRoutines::call_stub
j  jdk.internal.reflect.NativeMethodAccessorImpl.invoke0(Ljava/lang/reflect/Method;Ljava/lang/Object;[Ljava/lang/Object;)Ljava/lang/Object;+0 java.base@16.0.1
j  jdk.internal.reflect.NativeMethodAccessorImpl.invoke(Ljava/lang/Object;[Ljava/lang/Object;)Ljava/lang/Object;+146 java.base@16.0.1
j  jdk.internal.reflect.DelegatingMethodAccessorImpl.invoke(Ljava/lang/Object;[Ljava/lang/Object;)Ljava/lang/Object;+6 java.base@16.0.1
j  java.lang.reflect.Method.invoke(Ljava/lang/Object;[Ljava/lang/Object;)Ljava/lang/Object;+59 java.base@16.0.1
j  org.springframework.boot.devtools.restart.RestartLauncher.run()V+42
v  ~StubRoutines::call_stub

---------------  P R O C E S S  ---------------

Threads class SMR info:
_java_thread_list=0x000001819ea990f0, length=14, elements={
0x00000181824d83e0, 0x0000018182591320, 0x0000018182592890, 0x00000181825a7b90,
0x00000181825aa4b0, 0x00000181825acdd0, 0x00000181825ad6e0, 0x00000181825ae320,
0x000001819d66ba30, 0x000001819d66e740, 0x000001819e0562b0, 0x000001819e060f30,
0x000001819ea6af10, 0x000001819e60bea0
}

Java Threads: ( => current thread )
  0x00000181824d83e0 JavaThread "main" [_thread_blocked, id=3064, stack(0x00000015bff00000,0x00000015c0000000)]
  0x0000018182591320 JavaThread "Reference Handler" daemon [_thread_blocked, id=12256, stack(0x00000015c0600000,0x00000015c0700000)]
  0x0000018182592890 JavaThread "Finalizer" daemon [_thread_blocked, id=10288, stack(0x00000015c0700000,0x00000015c0800000)]
  0x00000181825a7b90 JavaThread "Signal Dispatcher" daemon [_thread_blocked, id=8940, stack(0x00000015c0800000,0x00000015c0900000)]
  0x00000181825aa4b0 JavaThread "Attach Listener" daemon [_thread_blocked, id=13176, stack(0x00000015c0900000,0x00000015c0a00000)]
  0x00000181825acdd0 JavaThread "Service Thread" daemon [_thread_blocked, id=5420, stack(0x00000015c0a00000,0x00000015c0b00000)]
  0x00000181825ad6e0 JavaThread "Monitor Deflation Thread" daemon [_thread_blocked, id=11968, stack(0x00000015c0b00000,0x00000015c0c00000)]
  0x00000181825ae320 JavaThread "C2 CompilerThread0" daemon [_thread_blocked, id=10856, stack(0x00000015c0c00000,0x00000015c0d00000)]
  0x000001819d66ba30 JavaThread "C1 CompilerThread0" daemon [_thread_blocked, id=15028, stack(0x00000015c0d00000,0x00000015c0e00000)]
  0x000001819d66e740 JavaThread "Sweeper thread" daemon [_thread_blocked, id=9268, stack(0x00000015c0e00000,0x00000015c0f00000)]
  0x000001819e0562b0 JavaThread "Notification Thread" daemon [_thread_blocked, id=7860, stack(0x00000015c0f00000,0x00000015c1000000)]
  0x000001819e060f30 JavaThread "Common-Cleaner" daemon [_thread_blocked, id=12456, stack(0x00000015c1100000,0x00000015c1200000)]
  0x000001819ea6af10 JavaThread "Thread-0" [_thread_blocked, id=14064, stack(0x00000015c1500000,0x00000015c1600000)]
=>0x000001819e60bea0 JavaThread "restartedMain" [_thread_in_vm, id=13436, stack(0x00000015c1600000,0x00000015c1700000)]

Other Threads:
  0x000001818258d020 VMThread "VM Thread" [stack: 0x00000015c0500000,0x00000015c0600000] [id=12052]
  0x000001819e060c40 WatcherThread [stack: 0x00000015c1000000,0x00000015c1100000] [id=5408]
  0x0000018182507220 GCTaskThread "GC Thread#0" [stack: 0x00000015c0000000,0x00000015c0100000] [id=9656]
  0x000001819e65ee10 GCTaskThread "GC Thread#1" [stack: 0x00000015c1200000,0x00000015c1300000] [id=14028]
  0x000001819e58b320 GCTaskThread "GC Thread#2" [stack: 0x00000015c1300000,0x00000015c1400000] [id=2920]
  0x000001819e789b20 GCTaskThread "GC Thread#3" [stack: 0x00000015c1400000,0x00000015c1500000] [id=12216]
  0x000001818250fff0 ConcurrentGCThread "G1 Main Marker" [stack: 0x00000015c0100000,0x00000015c0200000] [id=10800]
  0x00000181825109f0 ConcurrentGCThread "G1 Conc#0" [stack: 0x00000015c0200000,0x00000015c0300000] [id=8416]
  0x000001818255d070 ConcurrentGCThread "G1 Refine#0" [stack: 0x00000015c0300000,0x00000015c0400000] [id=12104]
  0x000001818255f1b0 ConcurrentGCThread "G1 Service" [stack: 0x00000015c0400000,0x00000015c0500000] [id=12196]

Threads with active compile tasks:

VM state: not at safepoint (normal execution)

VM Mutex/Monitor currently owned by a thread:  ([mutex/lock_event])
[0x00000181824d3ea0] MetaspaceExpand_lock - owner thread: 0x000001819e60bea0

Heap address: 0x00000000c1400000, size: 1004 MB, Compressed Oops mode: 32-bit

CDS archive(s) mapped at: [0x0000000800000000-0x0000000800bb0000-0x0000000800bb0000), size 12255232, SharedBaseAddress: 0x0000000800000000, ArchiveRelocationMode: 0.
Compressed class space mapped at: 0x0000000800c00000-0x0000000840c00000, reserved size: 1073741824
Narrow klass base: 0x0000000800000000, Narrow klass shift: 3, Narrow klass range: 0x100000000

GC Precious Log:
 CPUs: 4 total, 4 available
 Memory: 4015M
 Large Page Support: Disabled
 NUMA Support: Disabled
 Compressed Oops: Enabled (32-bit)
 Heap Region Size: 1M
 Heap Min Capacity: 8M
 Heap Initial Capacity: 64M
 Heap Max Capacity: 1004M
 Pre-touch: Disabled
 Parallel Workers: 4
 Concurrent Workers: 1
 Concurrent Refinement Workers: 4
 Periodic GC: Disabled

Heap:
 garbage-first heap   total 65536K, used 21126K [0x00000000c1400000, 0x0000000100000000)
  region size 1024K, 17 young (17408K), 1 survivors (1024K)
 Metaspace       used 5682K, committed 5760K, reserved 1056768K
  class space    used 594K, committed 640K, reserved 1048576K

Heap Regions: E=young(eden), S=young(survivor), O=old, HS=humongous(starts), HC=humongous(continues), CS=collection set, F=free, OA=open archive, CA=closed archive, TAMS=top-at-mark-start (previous, next)
|   0|0x00000000c1400000, 0x00000000c1500000, 0x00000000c1500000|100%|HS|  |TAMS 0x00000000c1400000, 0x00000000c1400000| Complete 
|   1|0x00000000c1500000, 0x00000000c1600000, 0x00000000c1600000|100%| O|  |TAMS 0x00000000c1500000, 0x00000000c1500000| Untracked 
|   2|0x00000000c1600000, 0x00000000c1700000, 0x00000000c1700000|100%| O|  |TAMS 0x00000000c1600000, 0x00000000c1600000| Untracked 
|   3|0x00000000c1700000, 0x00000000c1800000, 0x00000000c1800000|100%| O|  |TAMS 0x00000000c1700000, 0x00000000c1700000| Untracked 
|   4|0x00000000c1800000, 0x00000000c1900000, 0x00000000c1900000|100%| O|  |TAMS 0x00000000c1800000, 0x00000000c1800000| Untracked 
|   5|0x00000000c1900000, 0x00000000c1a00000, 0x00000000c1a00000|100%| O|  |TAMS 0x00000000c1900000, 0x00000000c1900000| Untracked 
|   6|0x00000000c1a00000, 0x00000000c1a2e000, 0x00000000c1b00000| 17%| O|  |TAMS 0x00000000c1a00000, 0x00000000c1a00000| Untracked 
|   7|0x00000000c1b00000, 0x00000000c1b00000, 0x00000000c1c00000|  0%| F|  |TAMS 0x00000000c1b00000, 0x00000000c1b00000| Untracked 
|   8|0x00000000c1c00000, 0x00000000c1c00000, 0x00000000c1d00000|  0%| F|  |TAMS 0x00000000c1c00000, 0x00000000c1c00000| Untracked 
|   9|0x00000000c1d00000, 0x00000000c1d00000, 0x00000000c1e00000|  0%| F|  |TAMS 0x00000000c1d00000, 0x00000000c1d00000| Untracked 
|  10|0x00000000c1e00000, 0x00000000c1e00000, 0x00000000c1f00000|  0%| F|  |TAMS 0x00000000c1e00000, 0x00000000c1e00000| Untracked 
|  11|0x00000000c1f00000, 0x00000000c1f00000, 0x00000000c2000000|  0%| F|  |TAMS 0x00000000c1f00000, 0x00000000c1f00000| Untracked 
|  12|0x00000000c2000000, 0x00000000c2000000, 0x00000000c2100000|  0%| F|  |TAMS 0x00000000c2000000, 0x00000000c2000000| Untracked 
|  13|0x00000000c2100000, 0x00000000c2100000, 0x00000000c2200000|  0%| F|  |TAMS 0x00000000c2100000, 0x00000000c2100000| Untracked 
|  14|0x00000000c2200000, 0x00000000c2200000, 0x00000000c2300000|  0%| F|  |TAMS 0x00000000c2200000, 0x00000000c2200000| Untracked 
|  15|0x00000000c2300000, 0x00000000c2300000, 0x00000000c2400000|  0%| F|  |TAMS 0x00000000c2300000, 0x00000000c2300000| Untracked 
|  16|0x00000000c2400000, 0x00000000c2400000, 0x00000000c2500000|  0%| F|  |TAMS 0x00000000c2400000, 0x00000000c2400000| Untracked 
|  17|0x00000000c2500000, 0x00000000c2500000, 0x00000000c2600000|  0%| F|  |TAMS 0x00000000c2500000, 0x00000000c2500000| Untracked 
|  18|0x00000000c2600000, 0x00000000c2600000, 0x00000000c2700000|  0%| F|  |TAMS 0x00000000c2600000, 0x00000000c2600000| Untracked 
|  19|0x00000000c2700000, 0x00000000c2700000, 0x00000000c2800000|  0%| F|  |TAMS 0x00000000c2700000, 0x00000000c2700000| Untracked 
|  20|0x00000000c2800000, 0x00000000c2800000, 0x00000000c2900000|  0%| F|  |TAMS 0x00000000c2800000, 0x00000000c2800000| Untracked 
|  21|0x00000000c2900000, 0x00000000c2900000, 0x00000000c2a00000|  0%| F|  |TAMS 0x00000000c2900000, 0x00000000c2900000| Untracked 
|  22|0x00000000c2a00000, 0x00000000c2a00000, 0x00000000c2b00000|  0%| F|  |TAMS 0x00000000c2a00000, 0x00000000c2a00000| Untracked 
|  23|0x00000000c2b00000, 0x00000000c2b00000, 0x00000000c2c00000|  0%| F|  |TAMS 0x00000000c2b00000, 0x00000000c2b00000| Untracked 
|  24|0x00000000c2c00000, 0x00000000c2c00000, 0x00000000c2d00000|  0%| F|  |TAMS 0x00000000c2c00000, 0x00000000c2c00000| Untracked 
|  25|0x00000000c2d00000, 0x00000000c2d00000, 0x00000000c2e00000|  0%| F|  |TAMS 0x00000000c2d00000, 0x00000000c2d00000| Untracked 
|  26|0x00000000c2e00000, 0x00000000c2e00000, 0x00000000c2f00000|  0%| F|  |TAMS 0x00000000c2e00000, 0x00000000c2e00000| Untracked 
|  27|0x00000000c2f00000, 0x00000000c2f00000, 0x00000000c3000000|  0%| F|  |TAMS 0x00000000c2f00000, 0x00000000c2f00000| Untracked 
|  28|0x00000000c3000000, 0x00000000c3000000, 0x00000000c3100000|  0%| F|  |TAMS 0x00000000c3000000, 0x00000000c3000000| Untracked 
|  29|0x00000000c3100000, 0x00000000c3100000, 0x00000000c3200000|  0%| F|  |TAMS 0x00000000c3100000, 0x00000000c3100000| Untracked 
|  30|0x00000000c3200000, 0x00000000c3200000, 0x00000000c3300000|  0%| F|  |TAMS 0x00000000c3200000, 0x00000000c3200000| Untracked 
|  31|0x00000000c3300000, 0x00000000c3300000, 0x00000000c3400000|  0%| F|  |TAMS 0x00000000c3300000, 0x00000000c3300000| Untracked 
|  32|0x00000000c3400000, 0x00000000c3400000, 0x00000000c3500000|  0%| F|  |TAMS 0x00000000c3400000, 0x00000000c3400000| Untracked 
|  33|0x00000000c3500000, 0x00000000c3500000, 0x00000000c3600000|  0%| F|  |TAMS 0x00000000c3500000, 0x00000000c3500000| Untracked 
|  34|0x00000000c3600000, 0x00000000c3600000, 0x00000000c3700000|  0%| F|  |TAMS 0x00000000c3600000, 0x00000000c3600000| Untracked 
|  35|0x00000000c3700000, 0x00000000c3700000, 0x00000000c3800000|  0%| F|  |TAMS 0x00000000c3700000, 0x00000000c3700000| Untracked 
|  36|0x00000000c3800000, 0x00000000c3800000, 0x00000000c3900000|  0%| F|  |TAMS 0x00000000c3800000, 0x00000000c3800000| Untracked 
|  37|0x00000000c3900000, 0x00000000c3900000, 0x00000000c3a00000|  0%| F|  |TAMS 0x00000000c3900000, 0x00000000c3900000| Untracked 
|  38|0x00000000c3a00000, 0x00000000c3a00000, 0x00000000c3b00000|  0%| F|  |TAMS 0x00000000c3a00000, 0x00000000c3a00000| Untracked 
|  39|0x00000000c3b00000, 0x00000000c3b00000, 0x00000000c3c00000|  0%| F|  |TAMS 0x00000000c3b00000, 0x00000000c3b00000| Untracked 
|  40|0x00000000c3c00000, 0x00000000c3c00000, 0x00000000c3d00000|  0%| F|  |TAMS 0x00000000c3c00000, 0x00000000c3c00000| Untracked 
|  41|0x00000000c3d00000, 0x00000000c3d00000, 0x00000000c3e00000|  0%| F|  |TAMS 0x00000000c3d00000, 0x00000000c3d00000| Untracked 
|  42|0x00000000c3e00000, 0x00000000c3e73a00, 0x00000000c3f00000| 45%| S|CS|TAMS 0x00000000c3e00000, 0x00000000c3e00000| Complete 
|  43|0x00000000c3f00000, 0x00000000c3f00000, 0x00000000c4000000|  0%| F|  |TAMS 0x00000000c3f00000, 0x00000000c3f00000| Untracked 
|  44|0x00000000c4000000, 0x00000000c4000000, 0x00000000c4100000|  0%| F|  |TAMS 0x00000000c4000000, 0x00000000c4000000| Untracked 
|  45|0x00000000c4100000, 0x00000000c4100000, 0x00000000c4200000|  0%| F|  |TAMS 0x00000000c4100000, 0x00000000c4100000| Untracked 
|  46|0x00000000c4200000, 0x00000000c4200000, 0x00000000c4300000|  0%| F|  |TAMS 0x00000000c4200000, 0x00000000c4200000| Untracked 
|  47|0x00000000c4300000, 0x00000000c4300000, 0x00000000c4400000|  0%| F|  |TAMS 0x00000000c4300000, 0x00000000c4300000| Untracked 
|  48|0x00000000c4400000, 0x00000000c44c0650, 0x00000000c4500000| 75%| E|  |TAMS 0x00000000c4400000, 0x00000000c4400000| Complete 
|  49|0x00000000c4500000, 0x00000000c4600000, 0x00000000c4600000|100%| E|CS|TAMS 0x00000000c4500000, 0x00000000c4500000| Complete 
|  50|0x00000000c4600000, 0x00000000c4700000, 0x00000000c4700000|100%| E|CS|TAMS 0x00000000c4600000, 0x00000000c4600000| Complete 
|  51|0x00000000c4700000, 0x00000000c4800000, 0x00000000c4800000|100%| E|CS|TAMS 0x00000000c4700000, 0x00000000c4700000| Complete 
|  52|0x00000000c4800000, 0x00000000c4900000, 0x00000000c4900000|100%| E|CS|TAMS 0x00000000c4800000, 0x00000000c4800000| Complete 
|  53|0x00000000c4900000, 0x00000000c4a00000, 0x00000000c4a00000|100%| E|CS|TAMS 0x00000000c4900000, 0x00000000c4900000| Complete 
|  54|0x00000000c4a00000, 0x00000000c4b00000, 0x00000000c4b00000|100%| E|CS|TAMS 0x00000000c4a00000, 0x00000000c4a00000| Complete 
|  55|0x00000000c4b00000, 0x00000000c4c00000, 0x00000000c4c00000|100%| E|CS|TAMS 0x00000000c4b00000, 0x00000000c4b00000| Complete 
|  56|0x00000000c4c00000, 0x00000000c4d00000, 0x00000000c4d00000|100%| E|CS|TAMS 0x00000000c4c00000, 0x00000000c4c00000| Complete 
|  57|0x00000000c4d00000, 0x00000000c4e00000, 0x00000000c4e00000|100%| E|CS|TAMS 0x00000000c4d00000, 0x00000000c4d00000| Complete 
|  58|0x00000000c4e00000, 0x00000000c4f00000, 0x00000000c4f00000|100%| E|CS|TAMS 0x00000000c4e00000, 0x00000000c4e00000| Complete 
|  59|0x00000000c4f00000, 0x00000000c5000000, 0x00000000c5000000|100%| E|CS|TAMS 0x00000000c4f00000, 0x00000000c4f00000| Complete 
|  60|0x00000000c5000000, 0x00000000c5100000, 0x00000000c5100000|100%| E|  |TAMS 0x00000000c5000000, 0x00000000c5000000| Complete 
|  61|0x00000000c5100000, 0x00000000c5200000, 0x00000000c5200000|100%| E|CS|TAMS 0x00000000c5100000, 0x00000000c5100000| Complete 
|  62|0x00000000c5200000, 0x00000000c5300000, 0x00000000c5300000|100%| E|CS|TAMS 0x00000000c5200000, 0x00000000c5200000| Complete 
|  63|0x00000000c5300000, 0x00000000c5400000, 0x00000000c5400000|100%| E|CS|TAMS 0x00000000c5300000, 0x00000000c5300000| Complete 

Card table byte_map: [0x0000018198e50000,0x0000018199050000] _byte_map_base: 0x0000018198846000

Marking Bits (Prev, Next): (CMBitMap*) 0x0000018182507820, (CMBitMap*) 0x0000018182507860
 Prev Bits: [0x0000018199250000, 0x000001819a200000)
 Next Bits: [0x000001819a200000, 0x000001819b1b0000)

Polling page: 0x0000018180430000

Metaspace:

Usage:
  Non-class:      4.97 MB used.
      Class:    594.02 KB used.
       Both:      5.55 MB used.

Virtual space:
  Non-class space:        8.00 MB reserved,       5.00 MB ( 62%) committed,  1 nodes.
      Class space:        1.00 GB reserved,     640.00 KB ( <1%) committed,  1 nodes.
              Both:        1.01 GB reserved,       5.62 MB ( <1%) committed. 

Chunk freelists:
   Non-Class:  2.44 MB
       Class:  3.38 MB
        Both:  5.81 MB

MaxMetaspaceSize: 17179869184.00 GB
CompressedClassSpaceSize: 1.00 GB
 - commit_granule_bytes: 65536.
 - commit_granule_words: 8192.
 - virtual_space_node_default_size: 1048576.
 - enlarge_chunks_in_place: 1.
 - new_chunks_are_fully_committed: 0.
 - uncommit_free_chunks: 1.
 - use_allocation_guard: 0.
 - handle_deallocations: 1.


Internal statistics:

num_allocs_failed_limit: 0.
num_arena_births: 48.
num_arena_deaths: 0.
num_vsnodes_births: 2.
num_vsnodes_deaths: 0.
num_space_committed: 90.
num_space_uncommitted: 0.
num_chunks_returned_to_freelist: 0.
num_chunks_taken_from_freelist: 156.
num_chunk_merges: 0.
num_chunk_splits: 91.
num_chunks_enlarged: 60.
num_purges: 0.

CodeHeap 'non-profiled nmethods': size=120000Kb used=323Kb max_used=323Kb free=119676Kb
 bounds [0x0000018191720000, 0x0000018191990000, 0x0000018198c50000]
CodeHeap 'profiled nmethods': size=120000Kb used=1777Kb max_used=1777Kb free=118222Kb
 bounds [0x000001818a1f0000, 0x000001818a460000, 0x0000018191720000]
CodeHeap 'non-nmethods': size=5760Kb used=1146Kb max_used=1163Kb free=4613Kb
 bounds [0x0000018189c50000, 0x0000018189ec0000, 0x000001818a1f0000]
 total_blobs=1398 nmethods=969 adapters=342
 compilation: enabled
              stopped_count=0, restarted_count=0
 full_count=0

Compilation events (20 events):
Event: 3.228 Thread 0x00000181825ae320  960       4       java.util.jar.Manifest$FastInputStream::peek (38 bytes)
Event: 3.229 Thread 0x00000181825ae320 nmethod 960 0x000001819176fc90 code [0x000001819176fe20, 0x000001819176ff08]
Event: 3.246 Thread 0x000001819d66ba30  961       3       java.security.AccessController::executePrivileged (65 bytes)
Event: 3.247 Thread 0x000001819d66ba30 nmethod 961 0x000001818a3a4c10 code [0x000001818a3a4de0, 0x000001818a3a50f8]
Event: 3.262 Thread 0x000001819d66ba30  962       3       java.lang.ClassLoader::definePackage (85 bytes)
Event: 3.264 Thread 0x000001819d66ba30 nmethod 962 0x000001818a3a5290 code [0x000001818a3a5560, 0x000001818a3a64d8]
Event: 3.264 Thread 0x000001819d66ba30  963       3       java.lang.Package::isSealed (26 bytes)
Event: 3.265 Thread 0x000001819d66ba30 nmethod 963 0x000001818a3a6990 code [0x000001818a3a6b40, 0x000001818a3a6e58]
Event: 3.265 Thread 0x000001819d66ba30  964       3       jdk.internal.loader.BuiltinClassLoader::isSealed (71 bytes)
Event: 3.268 Thread 0x000001819d66ba30 nmethod 964 0x000001818a3a6f90 code [0x000001818a3a73a0, 0x000001818a3a8fa8]
Event: 3.281 Thread 0x00000181825ae320  965       4       java.lang.String::startsWith (7 bytes)
Event: 3.282 Thread 0x000001819d66ba30  966       3       jdk.internal.loader.BuiltinClassLoader::defineClass (121 bytes)
Event: 3.283 Thread 0x000001819d66ba30 nmethod 966 0x000001818a3a9a10 code [0x000001818a3a9d20, 0x000001818a3ab068]
Event: 3.287 Thread 0x00000181825ae320 nmethod 965 0x0000018191770010 code [0x00000181917701a0, 0x00000181917703b8]
Event: 3.311 Thread 0x00000181825ae320  967 %     4       sun.net.www.ParseUtil::firstEncodeIndex @ 7 (86 bytes)
Event: 3.312 Thread 0x000001819d66ba30  968       3       java.util.Properties::getProperty (50 bytes)
Event: 3.313 Thread 0x000001819d66ba30 nmethod 968 0x000001818a3ab610 code [0x000001818a3ab7e0, 0x000001818a3abcf8]
Event: 3.319 Thread 0x00000181825ae320 nmethod 967% 0x0000018191770590 code [0x0000018191770720, 0x0000018191770ab8]
Event: 3.320 Thread 0x000001819d66ba30  969       3       java.security.AccessController::doPrivileged (9 bytes)
Event: 3.321 Thread 0x000001819d66ba30 nmethod 969 0x000001818a3abe10 code [0x000001818a3abfe0, 0x000001818a3ac318]

GC Heap History (6 events):
Event: 2.161 GC heap before
{Heap before GC invocations=0 (full 0):
 garbage-first heap   total 65536K, used 13312K [0x00000000c1400000, 0x0000000100000000)
  region size 1024K, 13 young (13312K), 0 survivors (0K)
 Metaspace       used 3920K, committed 4032K, reserved 1056768K
  class space    used 376K, committed 448K, reserved 1048576K
}
Event: 2.171 GC heap after
{Heap after GC invocations=1 (full 0):
 garbage-first heap   total 65536K, used 6121K [0x00000000c1400000, 0x0000000100000000)
  region size 1024K, 2 young (2048K), 2 survivors (2048K)
 Metaspace       used 3920K, committed 4032K, reserved 1056768K
  class space    used 376K, committed 448K, reserved 1048576K
}
Event: 2.552 GC heap before
{Heap before GC invocations=1 (full 0):
 garbage-first heap   total 65536K, used 16361K [0x00000000c1400000, 0x0000000100000000)
  region size 1024K, 13 young (13312K), 2 survivors (2048K)
 Metaspace       used 5080K, committed 5312K, reserved 1056768K
  class space    used 520K, committed 640K, reserved 1048576K
}
Event: 2.558 GC heap after
{Heap after GC invocations=2 (full 0):
 garbage-first heap   total 65536K, used 6792K [0x00000000c1400000, 0x0000000100000000)
  region size 1024K, 1 young (1024K), 1 survivors (1024K)
 Metaspace       used 5080K, committed 5312K, reserved 1056768K
  class space    used 520K, committed 640K, reserved 1048576K
}
Event: 2.574 GC heap before
{Heap before GC invocations=2 (full 0):
 garbage-first heap   total 65536K, used 26248K [0x00000000c1400000, 0x0000000100000000)
  region size 1024K, 21 young (21504K), 1 survivors (1024K)
 Metaspace       used 5080K, committed 5312K, reserved 1056768K
  class space    used 520K, committed 640K, reserved 1048576K
}
Event: 2.576 GC heap after
{Heap after GC invocations=3 (full 0):
 garbage-first heap   total 65536K, used 6790K [0x00000000c1400000, 0x0000000100000000)
  region size 1024K, 1 young (1024K), 1 survivors (1024K)
 Metaspace       used 5080K, committed 5312K, reserved 1056768K
  class space    used 520K, committed 640K, reserved 1048576K
}

Deoptimization events (20 events):
Event: 1.735 Thread 0x00000181824d83e0 DEOPT PACKING pc=0x000001818a285c3a sp=0x00000015bfffcf50
Event: 1.735 Thread 0x00000181824d83e0 DEOPT UNPACKING pc=0x0000018189c9dece sp=0x00000015bfffc3a8 mode 0
Event: 1.742 Thread 0x00000181824d83e0 DEOPT PACKING pc=0x000001818a285c3a sp=0x00000015bfffcf50
Event: 1.742 Thread 0x00000181824d83e0 DEOPT UNPACKING pc=0x0000018189c9dece sp=0x00000015bfffc3a8 mode 0
Event: 1.936 Thread 0x00000181824d83e0 DEOPT PACKING pc=0x000001818a21ac56 sp=0x00000015bfffd480
Event: 1.936 Thread 0x00000181824d83e0 DEOPT UNPACKING pc=0x0000018189c9dece sp=0x00000015bfffc920 mode 0
Event: 1.989 Thread 0x00000181824d83e0 DEOPT PACKING pc=0x000001818a237243 sp=0x00000015bfff9b40
Event: 1.989 Thread 0x00000181824d83e0 DEOPT UNPACKING pc=0x0000018189c9dece sp=0x00000015bfff8f90 mode 0
Event: 2.303 Thread 0x00000181824d83e0 DEOPT PACKING pc=0x000001818a24357e sp=0x00000015bfffdfa0
Event: 2.303 Thread 0x00000181824d83e0 DEOPT UNPACKING pc=0x0000018189c9dece sp=0x00000015bfffd410 mode 0
Event: 2.535 Thread 0x00000181824d83e0 DEOPT PACKING pc=0x000001818a255568 sp=0x00000015bfffe120
Event: 2.535 Thread 0x00000181824d83e0 DEOPT UNPACKING pc=0x0000018189c9dece sp=0x00000015bfffd580 mode 0
Event: 2.943 Thread 0x000001819e60bea0 Uncommon trap: trap_request=0xffffff45 fr.pc=0x000001819176b610 relative=0x00000000000014d0
Event: 2.943 Thread 0x000001819e60bea0 Uncommon trap: reason=unstable_if action=reinterpret pc=0x000001819176b610 method=java.io.WinNTFileSystem.normalize(Ljava/lang/String;II)Ljava/lang/String; @ 87 c2
Event: 2.943 Thread 0x000001819e60bea0 DEOPT PACKING pc=0x000001819176b610 sp=0x00000015c16fdc30
Event: 2.943 Thread 0x000001819e60bea0 DEOPT UNPACKING pc=0x0000018189c9d72e sp=0x00000015c16fdb78 mode 2
Event: 2.943 Thread 0x000001819e60bea0 Uncommon trap: trap_request=0xffffffde fr.pc=0x000001819175a3e4 relative=0x00000000000011c4
Event: 2.943 Thread 0x000001819e60bea0 Uncommon trap: reason=class_check action=maybe_recompile pc=0x000001819175a3e4 method=jdk.internal.loader.URLClassPath.getLoader(I)Ljdk/internal/loader/URLClassPath$Loader; @ 88 c2
Event: 2.943 Thread 0x000001819e60bea0 DEOPT PACKING pc=0x000001819175a3e4 sp=0x00000015c16fe030
Event: 2.943 Thread 0x000001819e60bea0 DEOPT UNPACKING pc=0x0000018189c9d72e sp=0x00000015c16fe020 mode 2

Classes unloaded (0 events):
No events

Classes redefined (0 events):
No events

Internal exceptions (15 events):
Event: 1.738 Thread 0x00000181824d83e0 Exception <a 'java/lang/NoClassDefFoundError'{0x00000000c4b7ca58}: org/apache/log4j/Priority> (0x00000000c4b7ca58) 
thrown [t:\workspace\open\src\hotspot\share\classfile\systemDictionary.cpp, line 245]
Event: 1.778 Thread 0x00000181824d83e0 Exception <a 'java/lang/NoSuchMethodError'{0x00000000c4ba0a30}: 'void java.lang.invoke.DirectMethodHandle$Holder.invokeSpecial(java.lang.Object, java.lang.Object, java.lang.Object)'> (0x00000000c4ba0a30) 
thrown [t:\workspace\open\src\hotspot\share\interpreter\linkResolver.cpp, line 790]
Event: 1.926 Thread 0x00000181824d83e0 Exception <a 'java/lang/NoSuchMethodError'{0x00000000c49f55a0}: 'java.lang.Object java.lang.invoke.DirectMethodHandle$Holder.invokeSpecialIFC(java.lang.Object, java.lang.Object, java.lang.Object, java.lang.Object)'> (0x00000000c49f55a0) 
thrown [t:\workspace\open\src\hotspot\share\interpreter\linkResolver.cpp, line 790]
Event: 1.955 Thread 0x00000181824d83e0 Exception <a 'java/lang/NoSuchMethodError'{0x00000000c4832d20}: 'int java.lang.invoke.DirectMethodHandle$Holder.invokeVirtual(java.lang.Object, java.lang.Object, java.lang.Object)'> (0x00000000c4832d20) 
thrown [t:\workspace\open\src\hotspot\share\interpreter\linkResolver.cpp, line 790]
Event: 2.000 Thread 0x00000181824d83e0 Exception <a 'java/lang/NoSuchMethodError'{0x00000000c48a8280}: 'int java.lang.invoke.DirectMethodHandle$Holder.invokeStaticInit(java.lang.Object, java.lang.Object)'> (0x00000000c48a8280) 
thrown [t:\workspace\open\src\hotspot\share\interpreter\linkResolver.cpp, line 790]
Event: 2.230 Thread 0x00000181824d83e0 Exception <a 'java/lang/NoSuchMethodError'{0x00000000c53b08f0}: 'int java.lang.invoke.DirectMethodHandle$Holder.invokeStaticInit(java.lang.Object, java.lang.Object, java.lang.Object)'> (0x00000000c53b08f0) 
thrown [t:\workspace\open\src\hotspot\share\interpreter\linkResolver.cpp, line 790]
Event: 2.245 Thread 0x00000181824d83e0 Exception <a 'java/lang/NoSuchMethodError'{0x00000000c53d89c0}: 'java.lang.Object java.lang.invoke.DirectMethodHandle$Holder.invokeVirtual(java.lang.Object, java.lang.Object, java.lang.Object)'> (0x00000000c53d89c0) 
thrown [t:\workspace\open\src\hotspot\share\interpreter\linkResolver.cpp, line 790]
Event: 2.260 Thread 0x00000181824d83e0 Exception <a 'java/lang/NoSuchMethodError'{0x00000000c5206188}: 'java.lang.Object java.lang.invoke.DirectMethodHandle$Holder.newInvokeSpecial(java.lang.Object, java.lang.Object, java.lang.Object, java.lang.Object, java.lang.Object)'> (0x00000000c5206188) 
thrown [t:\workspace\open\src\hotspot\share\interpreter\linkResolver.cpp, line 790]
Event: 2.300 Thread 0x00000181824d83e0 Exception <a 'java/lang/NoSuchMethodError'{0x00000000c526ee28}: 'void java.lang.invoke.DirectMethodHandle$Holder.invokeStatic(java.lang.Object, java.lang.Object, java.lang.Object)'> (0x00000000c526ee28) 
thrown [t:\workspace\open\src\hotspot\share\interpreter\linkResolver.cpp, line 790]
Event: 2.409 Thread 0x00000181824d83e0 Exception <a 'java/lang/NoSuchMethodError'{0x00000000c51699e0}: 'java.lang.Object java.lang.invoke.DirectMethodHandle$Holder.invokeStatic(java.lang.Object)'> (0x00000000c51699e0) 
thrown [t:\workspace\open\src\hotspot\share\interpreter\linkResolver.cpp, line 790]
Event: 2.410 Thread 0x00000181824d83e0 Exception <a 'java/lang/NoSuchMethodError'{0x00000000c516d2f8}: 'java.lang.Object java.lang.invoke.DirectMethodHandle$Holder.invokeStaticInit(java.lang.Object)'> (0x00000000c516d2f8) 
thrown [t:\workspace\open\src\hotspot\share\interpreter\linkResolver.cpp, line 790]
Event: 2.461 Thread 0x00000181824d83e0 Exception <a 'java/lang/NoSuchMethodError'{0x00000000c51850e0}: 'java.lang.Object java.lang.invoke.DirectMethodHandle$Holder.invokeInterface(java.lang.Object, java.lang.Object)'> (0x00000000c51850e0) 
thrown [t:\workspace\open\src\hotspot\share\interpreter\linkResolver.cpp, line 790]
Event: 2.463 Thread 0x00000181824d83e0 Exception <a 'java/lang/NoSuchMethodError'{0x00000000c518d7d0}: 'java.lang.Object java.lang.invoke.DirectMethodHandle$Holder.invokeStaticInit(java.lang.Object, java.lang.Object, java.lang.Object)'> (0x00000000c518d7d0) 
thrown [t:\workspace\open\src\hotspot\share\interpreter\linkResolver.cpp, line 790]
Event: 2.481 Thread 0x00000181824d83e0 Exception <a 'java/lang/NoSuchMethodError'{0x00000000c51b1898}: 'int java.lang.invoke.DirectMethodHandle$Holder.invokeSpecial(java.lang.Object, java.lang.Object, java.lang.Object)'> (0x00000000c51b1898) 
thrown [t:\workspace\open\src\hotspot\share\interpreter\linkResolver.cpp, line 790]
Event: 2.965 Thread 0x000001819e60bea0 Exception <a 'java/lang/NoClassDefFoundError'{0x00000000c46cb270}: org/apache/log4j/Priority> (0x00000000c46cb270) 
thrown [t:\workspace\open\src\hotspot\share\classfile\systemDictionary.cpp, line 245]

Events (20 events):
Event: 3.348 loading class java/nio/channels/ScatteringByteChannel done
Event: 3.348 loading class java/nio/channels/spi/AbstractInterruptibleChannel
Event: 3.348 loading class java/nio/channels/InterruptibleChannel
Event: 3.349 loading class java/nio/channels/InterruptibleChannel done
Event: 3.349 loading class java/nio/channels/spi/AbstractInterruptibleChannel done
Event: 3.349 loading class java/nio/channels/FileChannel done
Event: 3.349 loading class sun/nio/ch/FileChannelImpl done
Event: 3.350 loading class sun/nio/ch/IOUtil
Event: 3.351 loading class sun/nio/ch/IOUtil done
Event: 3.355 loading class sun/nio/ch/NativeThreadSet
Event: 3.355 loading class sun/nio/ch/NativeThreadSet done
Event: 3.356 loading class sun/nio/ch/FileDispatcherImpl
Event: 3.356 loading class sun/nio/ch/FileDispatcher
Event: 3.356 loading class sun/nio/ch/NativeDispatcher
Event: 3.357 loading class sun/nio/ch/NativeDispatcher done
Event: 3.357 loading class sun/nio/ch/FileDispatcher done
Event: 3.357 loading class sun/nio/ch/FileDispatcherImpl done
Event: 3.358 loading class sun/nio/ch/FileChannelImpl$Closer
Event: 3.359 loading class sun/nio/ch/FileChannelImpl$Closer done
Event: 3.359 loading class java/nio/channels/Channels


Dynamic libraries:
0x00007ff766460000 - 0x00007ff766470000 	C:\Program Files\Java\jdk-16.0.1\bin\javaw.exe
0x00007ffdbc530000 - 0x00007ffdbc725000 	C:\WINDOWS\SYSTEM32\ntdll.dll
0x00007ffdbc100000 - 0x00007ffdbc1bd000 	C:\WINDOWS\System32\KERNEL32.DLL
0x00007ffdba1c0000 - 0x00007ffdba488000 	C:\WINDOWS\System32\KERNELBASE.dll
0x00007ffdba490000 - 0x00007ffdba590000 	C:\WINDOWS\System32\ucrtbase.dll
0x00007ffdacf10000 - 0x00007ffdacf29000 	C:\Program Files\Java\jdk-16.0.1\bin\VCRUNTIME140.dll
0x00007ffdb1e70000 - 0x00007ffdb1e88000 	C:\Program Files\Java\jdk-16.0.1\bin\jli.dll
0x00007ffdba590000 - 0x00007ffdba63c000 	C:\WINDOWS\System32\ADVAPI32.dll
0x00007ffdbaf50000 - 0x00007ffdbafee000 	C:\WINDOWS\System32\msvcrt.dll
0x00007ffdbb270000 - 0x00007ffdbb30b000 	C:\WINDOWS\System32\sechost.dll
0x00007ffdba6d0000 - 0x00007ffdba7fb000 	C:\WINDOWS\System32\RPCRT4.dll
0x00007ffdbac20000 - 0x00007ffdbadc0000 	C:\WINDOWS\System32\USER32.dll
0x00007ffdba190000 - 0x00007ffdba1b2000 	C:\WINDOWS\System32\win32u.dll
0x00007ffdbbf80000 - 0x00007ffdbbfaa000 	C:\WINDOWS\System32\GDI32.dll
0x00007ffdaa3a0000 - 0x00007ffdaa63a000 	C:\WINDOWS\WinSxS\amd64_microsoft.windows.common-controls_6595b64144ccf1df_6.0.19041.844_none_ca00b6081b84eb1d\COMCTL32.dll
0x00007ffdb9f20000 - 0x00007ffdba02b000 	C:\WINDOWS\System32\gdi32full.dll
0x00007ffdb9c70000 - 0x00007ffdb9d0d000 	C:\WINDOWS\System32\msvcp_win.dll
0x00007ffdab810000 - 0x00007ffdab81a000 	C:\WINDOWS\SYSTEM32\VERSION.dll
0x00007ffdbb010000 - 0x00007ffdbb040000 	C:\WINDOWS\System32\IMM32.DLL
0x00007ffdad300000 - 0x00007ffdad30c000 	C:\Program Files\Java\jdk-16.0.1\bin\vcruntime140_1.dll
0x00007ffd8cd50000 - 0x00007ffd8cde1000 	C:\Program Files\Java\jdk-16.0.1\bin\msvcp140.dll
0x00007ffd5c160000 - 0x00007ffd5cd0b000 	C:\Program Files\Java\jdk-16.0.1\bin\server\jvm.dll
0x00007ffd924d0000 - 0x00007ffd924d9000 	C:\WINDOWS\SYSTEM32\WSOCK32.dll
0x00007ffdbc090000 - 0x00007ffdbc0fb000 	C:\WINDOWS\System32\WS2_32.dll
0x00007ffdba8b0000 - 0x00007ffdba8b8000 	C:\WINDOWS\System32\PSAPI.DLL
0x00007ffda8e00000 - 0x00007ffda8e27000 	C:\WINDOWS\SYSTEM32\WINMM.dll
0x00007ffdb7bc0000 - 0x00007ffdb7bd2000 	C:\WINDOWS\SYSTEM32\kernel.appcore.dll
0x00007ffdb5c20000 - 0x00007ffdb5c2a000 	C:\Program Files\Java\jdk-16.0.1\bin\jimage.dll
0x00007ffd96200000 - 0x00007ffd963e4000 	C:\WINDOWS\SYSTEM32\DBGHELP.DLL
0x00007ffd961d0000 - 0x00007ffd961fc000 	C:\WINDOWS\SYSTEM32\dbgcore.DLL
0x00007ffdba110000 - 0x00007ffdba190000 	C:\WINDOWS\System32\bcryptPrimitives.dll
0x00007ffdb2040000 - 0x00007ffdb2065000 	C:\Program Files\Java\jdk-16.0.1\bin\java.dll
0x00007ffdbb780000 - 0x00007ffdbbec2000 	C:\WINDOWS\System32\SHELL32.dll
0x00007ffdb7dc0000 - 0x00007ffdb8550000 	C:\WINDOWS\SYSTEM32\windows.storage.dll
0x00007ffdba8c0000 - 0x00007ffdbac15000 	C:\WINDOWS\System32\combase.dll
0x00007ffdb96e0000 - 0x00007ffdb970c000 	C:\WINDOWS\SYSTEM32\Wldp.dll
0x00007ffdba800000 - 0x00007ffdba8ae000 	C:\WINDOWS\System32\SHCORE.dll
0x00007ffdbb040000 - 0x00007ffdbb095000 	C:\WINDOWS\System32\shlwapi.dll
0x00007ffdb9bb0000 - 0x00007ffdb9bcf000 	C:\WINDOWS\SYSTEM32\profapi.dll
0x00007ffdad5f0000 - 0x00007ffdad609000 	C:\Program Files\Java\jdk-16.0.1\bin\net.dll
0x00007ffdabbe0000 - 0x00007ffdabceb000 	C:\WINDOWS\SYSTEM32\WINHTTP.dll
0x00007ffdb9450000 - 0x00007ffdb94ba000 	C:\WINDOWS\system32\mswsock.dll
0x00007ffdad5d0000 - 0x00007ffdad5e3000 	C:\Program Files\Java\jdk-16.0.1\bin\nio.dll
0x00007ffdad610000 - 0x00007ffdad628000 	C:\Program Files\Java\jdk-16.0.1\bin\zip.dll
0x00007ffdb4270000 - 0x00007ffdb4280000 	C:\Program Files\Java\jdk-16.0.1\bin\verify.dll
0x00007ffdad5a0000 - 0x00007ffdad5a9000 	C:\Program Files\Java\jdk-16.0.1\bin\management.dll
0x00007ffdacf00000 - 0x00007ffdacf0b000 	C:\Program Files\Java\jdk-16.0.1\bin\management_ext.dll

dbghelp: loaded successfully - version: 4.0.5 - missing functions: none
symbol engine: initialized successfully - sym options: 0x614 - pdb path: .;C:\Program Files\Java\jdk-16.0.1\bin;C:\WINDOWS\SYSTEM32;C:\WINDOWS\WinSxS\amd64_microsoft.windows.common-controls_6595b64144ccf1df_6.0.19041.844_none_ca00b6081b84eb1d;C:\Program Files\Java\jdk-16.0.1\bin\server

VM Arguments:
jvm_args: -Dfile.encoding=UTF-8 -XX:+ShowCodeDetailsInExceptionMessages 
java_command: kodlama.io.HRMS.HrmsApplication
java_class_path (initial): C:\hrmsDemo\HRMS\target\classes;C:\Users\Acer\.p2\pool\plugins\org.apache.axis_1.4.0.v201411182030\lib\axis.jar;C:\Users\Acer\.p2\pool\plugins\org.apache.commons.discovery_0.2.0.v201004190315\lib\commons-discovery-0.2.jar;C:\Users\Acer\.p2\pool\plugins\javax.xml.rpc_1.1.0.v201209140446\lib\jaxrpc.jar;C:\Users\Acer\.p2\pool\plugins\javax.xml.soap_1.2.0.v201005080501\lib\saaj.jar;C:\Users\Acer\.p2\pool\plugins\javax.wsdl_1.6.2.v201012040545.jar;C:\Users\Acer\.p2\pool\plugins\org.apache.commons.logging_1.2.0.v20180409-1502.jar;C:\Users\Acer\.m2\repository\org\springframework\boot\spring-boot-starter-data-jpa\2.5.0\spring-boot-starter-data-jpa-2.5.0.jar;C:\Users\Acer\.m2\repository\org\springframework\boot\spring-boot-starter-aop\2.5.0\spring-boot-starter-aop-2.5.0.jar;C:\Users\Acer\.m2\repository\org\springframework\spring-aop\5.3.7\spring-aop-5.3.7.jar;C:\Users\Acer\.m2\repository\org\aspectj\aspectjweaver\1.9.6\aspectjweaver-1.9.6.jar;C:\Users\Acer\.m2\repository\org\springframework\boot\spring-boot-starter-jdbc\2.5.0\spring-boot-starter-jdbc-2.5.0.jar;C:\Users\Acer\.m2\repository\com\zaxxer\HikariCP\4.0.3\HikariCP-4.0.3.jar;C:\Users\Acer\.m2\repository\org\springframework\spring-jdbc\5.3.7\spring-jdbc-5.3.7.jar;C:\Users\Acer\.m2\repository\jakarta\transaction\jakarta.transaction-api\1.3.3\jakarta.transaction-api-1.3.3.jar;C:\Users\Acer\.m2\repository\jakarta\persistence\jakarta.persistence-api\2.2.3\jakarta.persistence-api-2.2.3.jar;C:\Users\Acer\.m2\repository\org\hibernate\hibernate-core\5.4.31.Final\hibernate-core-5.4.31.Final.jar;C:\Users\Acer\.m2\repository\org\javassist\javassist\3.27.0-GA\javassist-3.27.0-GA.jar;C:\Users\Acer\.m2\repository\net\bytebuddy\byte-buddy\1.10.22\byte-buddy-1.10.22.jar;C:\Users\Acer\.m2\repository\antlr\antlr\2.7.7\antlr-2.7.7.jar;C:\Users\Acer\.m2\repository\org\jboss\jandex\2.2.3.Final\jandex-2.2.3.Final.jar;C:\Users\Acer\.m2\repository\org\dom4j\dom4j\2.1.3\dom4j-2.1.3.jar;C:\Users\Acer\.m2\repository
Launcher Type: SUN_STANDARD

[Global flags]
     intx CICompilerCount                          = 3                                         {product} {ergonomic}
     uint ConcGCThreads                            = 1                                         {product} {ergonomic}
     uint G1ConcRefinementThreads                  = 4                                         {product} {ergonomic}
   size_t G1HeapRegionSize                         = 1048576                                   {product} {ergonomic}
    uintx GCDrainStackTargetSize                   = 64                                        {product} {ergonomic}
   size_t InitialHeapSize                          = 67108864                                  {product} {ergonomic}
   size_t MarkStackSize                            = 4194304                                   {product} {ergonomic}
   size_t MaxHeapSize                              = 1052770304                                {product} {ergonomic}
   size_t MaxNewSize                               = 631242752                                 {product} {ergonomic}
   size_t MinHeapDeltaBytes                        = 1048576                                   {product} {ergonomic}
   size_t MinHeapSize                              = 8388608                                   {product} {ergonomic}
    uintx NonNMethodCodeHeapSize                   = 5832780                                {pd product} {ergonomic}
    uintx NonProfiledCodeHeapSize                  = 122912730                              {pd product} {ergonomic}
    uintx ProfiledCodeHeapSize                     = 122912730                              {pd product} {ergonomic}
    uintx ReservedCodeCacheSize                    = 251658240                              {pd product} {ergonomic}
     bool SegmentedCodeCache                       = true                                      {product} {ergonomic}
     bool ShowCodeDetailsInExceptionMessages       = true                                   {manageable} {command line}
   size_t SoftMaxHeapSize                          = 1052770304                             {manageable} {ergonomic}
     bool UseCompressedClassPointers               = true                           {product lp64_product} {ergonomic}
     bool UseCompressedOops                        = true                           {product lp64_product} {ergonomic}
     bool UseG1GC                                  = true                                      {product} {ergonomic}
     bool UseLargePagesIndividualAllocation        = false                                  {pd product} {ergonomic}

Logging:
Log output configuration:
 #0: stdout all=warning uptime,level,tags
 #1: stderr all=off uptime,level,tags

Environment Variables:
PATH=C:/Program Files/Java/jdk-16.0.1/bin/server;C:/Program Files/Java/jdk-16.0.1/bin;C:\Program Files\Common Files\Oracle\Java\javapath;C:\Program Files (x86)\Common Files\Oracle\Java\javapath;C:\Windows\system32;C:\Windows;C:\Windows\System32\Wbem;C:\Windows\System32\WindowsPowerShell\v1.0\;C:\Windows\System32\OpenSSH\;C:\Program Files (x86)\NVIDIA Corporation\PhysX\Common;C:\WINDOWS\system32;C:\WINDOWS;C:\WINDOWS\System32\Wbem;C:\WINDOWS\System32\WindowsPowerShell\v1.0\;C:\WINDOWS\System32\OpenSSH\;C:\Program Files\nodejs\;C:\Program Files\Microsoft SQL Server\130\Tools\Binn\;C:\Program Files\Git\cmd;C:\Program Files\dotnet\;C:\Program Files\Microsoft SQL Server\Client SDK\ODBC\170\Tools\Binn\;C:\Program Files (x86)\Microsoft SQL Server\150\Tools\Binn\;C:\Program Files\Microsoft SQL Server\150\Tools\Binn\;C:\Program Files\Microsoft SQL Server\150\DTS\Binn\;C:\Program Files (x86)\Microsoft SQL Server\150\DTS\Binn\;C:\Program Files\Azure Data Studio\bin;C:\Program Files (x86)\dotnet\;C:\Users\Acer\AppData\Local\Microsoft\WindowsApps;C:\Users\Acer\AppData\Roaming\npm;C:\Users\Acer\AppData\Local\Programs\Microsoft VS Code\bin;C:\Users\Acer\.dotnet\tools;C:\Program Files\Azure Data Studio\bin;C:\Users\Acer\AppData\Local\GitHubDesktop\bin;C:\WINDOWS\System32;
USERNAME=Acer
OS=Windows_NT
PROCESSOR_IDENTIFIER=Intel64 Family 6 Model 61 Stepping 4, GenuineIntel



---------------  S Y S T E M  ---------------

OS:
 Windows 10 , 64 bit Build 19041 (10.0.19041.928)
OS uptime: 4 days 10:49 hours

CPU: total 4 (initial active 4) (2 cores per cpu, 2 threads per core) family 6 model 61 stepping 4 microcode 0x2f, cx8, cmov, fxsr, ht, mmx, 3dnowpref, sse, sse2, sse3, ssse3, sse4.1, sse4.2, popcnt, lzcnt, tsc, tscinvbit, avx, avx2, aes, erms, clmul, bmi1, bmi2, adx, fma, vzeroupper, clflush

Memory: 4k page, system-wide physical 4015M (300M free)
TotalPageFile size 16303M (AvailPageFile size 5M)
current process WorkingSet (physical memory assigned to process): 75M, peak: 75M
current process commit charge ("private bytes"): 150M, peak: 150M

vm_info: Java HotSpot(TM) 64-Bit Server VM (16.0.1+9-24) for windows-amd64 JRE (16.0.1+9-24), built on Mar 26 2021 19:31:42 by "mach5one" with MS VC++ 16.7 (VS2019)

END.
